<?xml version="1.0" encoding="UTF-8"?>
<coverage generated="1774508386803" clover="3.2.0">
  <project timestamp="1774508386803" name="All files">
    <metrics statements="420" coveredstatements="263" conditionals="295" coveredconditionals="165" methods="99" coveredmethods="61" elements="814" coveredelements="489" complexity="0" loc="420" ncloc="420" packages="11" files="15" classes="15"/>
    <package name="assets">
      <metrics statements="0" coveredstatements="0" conditionals="0" coveredconditionals="0" methods="0" coveredmethods="0"/>
      <file name="logo-blue.png" path="/Users/jagadeesh/1nonly/Tradazone/src/assets/logo-blue.png">
        <metrics statements="0" coveredstatements="0" conditionals="0" coveredconditionals="0" methods="0" coveredmethods="0"/>
      </file>
      <file name="logo-white.png" path="/Users/jagadeesh/1nonly/Tradazone/src/assets/logo-white.png">
        <metrics statements="0" coveredstatements="0" conditionals="0" coveredconditionals="0" methods="0" coveredmethods="0"/>
      </file>
    </package>
    <package name="components.forms">
      <metrics statements="6" coveredstatements="6" conditionals="42" coveredconditionals="28" methods="2" coveredmethods="2"/>
      <file name="Button.jsx" path="/Users/jagadeesh/1nonly/Tradazone/src/components/forms/Button.jsx">
        <metrics statements="4" coveredstatements="4" conditionals="25" coveredconditionals="17" methods="1" coveredmethods="1"/>
        <line num="14" count="10" type="stmt"/>
        <line num="16" count="10" type="stmt"/>
        <line num="23" count="10" type="stmt"/>
        <line num="29" count="10" type="stmt"/>
      </file>
      <file name="Input.jsx" path="/Users/jagadeesh/1nonly/Tradazone/src/components/forms/Input.jsx">
        <metrics statements="2" coveredstatements="2" conditionals="17" coveredconditionals="11" methods="1" coveredmethods="1"/>
        <line num="16" count="15" type="cond" truecount="1" falsecount="1"/>
        <line num="18" count="15" type="stmt"/>
      </file>
    </package>
    <package name="components.routing">
      <metrics statements="12" coveredstatements="10" conditionals="8" coveredconditionals="6" methods="2" coveredmethods="2"/>
      <file name="PrivateRoute.jsx" path="/Users/jagadeesh/1nonly/Tradazone/src/components/routing/PrivateRoute.jsx">
        <metrics statements="12" coveredstatements="10" conditionals="8" coveredconditionals="6" methods="2" coveredmethods="2"/>
        <line num="25" count="12" type="stmt"/>
        <line num="26" count="12" type="stmt"/>
        <line num="29" count="12" type="stmt"/>
        <line num="30" count="12" type="cond" truecount="2" falsecount="0"/>
        <line num="34" count="12" type="stmt"/>
        <line num="35" count="12" type="cond" truecount="1" falsecount="1"/>
        <line num="36" count="0" type="stmt"/>
        <line num="40" count="12" type="cond" truecount="1" falsecount="1"/>
        <line num="41" count="0" type="stmt"/>
        <line num="49" count="12" type="cond" truecount="2" falsecount="0"/>
        <line num="50" count="10" type="stmt"/>
        <line num="58" count="2" type="stmt"/>
      </file>
    </package>
    <package name="components.ui">
      <metrics statements="2" coveredstatements="2" conditionals="4" coveredconditionals="3" methods="1" coveredmethods="1"/>
      <file name="Logo.jsx" path="/Users/jagadeesh/1nonly/Tradazone/src/components/ui/Logo.jsx">
        <metrics statements="2" coveredstatements="2" conditionals="4" coveredconditionals="3" methods="1" coveredmethods="1"/>
        <line num="15" count="5" type="cond" truecount="1" falsecount="1"/>
        <line num="17" count="5" type="stmt"/>
      </file>
    </package>
    <package name="config">
      <metrics statements="9" coveredstatements="9" conditionals="10" coveredconditionals="7" methods="0" coveredmethods="0"/>
      <file name="env.js" path="/Users/jagadeesh/1nonly/Tradazone/src/config/env.js">
        <metrics statements="9" coveredstatements="9" conditionals="10" coveredconditionals="7" methods="0" coveredmethods="0"/>
        <line num="17" count="3" type="cond" truecount="2" falsecount="0"/>
        <line num="20" count="3" type="cond" truecount="1" falsecount="1"/>
        <line num="24" count="3" type="stmt"/>
        <line num="25" count="3" type="stmt"/>
        <line num="26" count="3" type="stmt"/>
        <line num="29" count="3" type="cond" truecount="2" falsecount="0"/>
        <line num="40" count="3" type="cond" truecount="1" falsecount="1"/>
        <line num="49" count="3" type="cond" truecount="1" falsecount="1"/>
        <line num="58" count="3" type="stmt"/>
      </file>
    </package>
    <package name="context">
      <metrics statements="264" coveredstatements="149" conditionals="172" coveredconditionals="70" methods="51" coveredmethods="37"/>
      <file name="AuthContext.jsx" path="/Users/jagadeesh/1nonly/Tradazone/src/context/AuthContext.jsx">
        <metrics statements="191" coveredstatements="76" conditionals="131" coveredconditionals="38" methods="28" coveredmethods="14"/>
        <line num="43" count="3" type="stmt"/>
        <line num="49" count="3" type="stmt"/>
        <line num="50" count="3" type="stmt"/>
        <line num="179" count="35" type="stmt"/>
        <line num="180" count="35" type="stmt"/>
        <line num="181" count="35" type="cond" truecount="2" falsecount="0"/>
        <line num="182" count="9" type="stmt"/>
        <line num="183" count="9" type="cond" truecount="2" falsecount="0"/>
        <line num="184" count="4" type="stmt"/>
        <line num="185" count="4" type="stmt"/>
        <line num="187" count="4" type="stmt"/>
        <line num="189" count="1" type="stmt"/>
        <line num="200" count="13" type="stmt"/>
        <line num="211" count="6" type="stmt"/>
        <line num="222" count="3" type="stmt"/>
        <line num="247" count="65" type="stmt"/>
        <line num="248" count="23" type="stmt"/>
        <line num="249" count="23" type="cond" truecount="2" falsecount="0"/>
        <line num="256" count="65" type="stmt"/>
        <line num="262" count="65" type="stmt"/>
        <line num="271" count="65" type="cond" truecount="2" falsecount="0"/>
        <line num="275" count="65" type="stmt"/>
        <line num="278" count="65" type="stmt"/>
        <line num="287" count="65" type="stmt"/>
        <line num="288" count="23" type="stmt"/>
        <line num="289" count="23" type="stmt"/>
        <line num="291" count="23" type="cond" truecount="2" falsecount="0"/>
        <line num="292" count="23" type="cond" truecount="4" falsecount="0"/>
        <line num="294" count="23" type="cond" truecount="3" falsecount="1"/>
        <line num="295" count="23" type="cond" truecount="4" falsecount="1"/>
        <line num="296" count="23" type="cond" truecount="4" falsecount="1"/>
        <line num="298" count="23" type="stmt"/>
        <line num="308" count="23" type="stmt"/>
        <line num="309" count="23" type="stmt"/>
        <line num="310" count="23" type="stmt"/>
        <line num="311" count="23" type="stmt"/>
        <line num="312" count="23" type="stmt"/>
        <line num="313" count="23" type="stmt"/>
        <line num="321" count="65" type="stmt"/>
        <line num="322" count="46" type="stmt"/>
        <line num="333" count="46" type="stmt"/>
        <line num="334" count="46" type="stmt"/>
        <line num="335" count="0" type="stmt"/>
        <line num="336" count="0" type="stmt"/>
        <line num="346" count="46" type="stmt"/>
        <line num="361" count="65" type="stmt"/>
        <line num="362" count="8" type="cond" truecount="2" falsecount="0"/>
        <line num="363" count="8" type="cond" truecount="2" falsecount="0"/>
        <line num="366" count="8" type="stmt"/>
        <line num="367" count="8" type="stmt"/>
        <line num="368" count="8" type="stmt"/>
        <line num="369" count="8" type="stmt"/>
        <line num="372" count="8" type="stmt"/>
        <line num="381" count="8" type="stmt"/>
        <line num="382" count="8" type="stmt"/>
        <line num="386" count="65" type="stmt"/>
        <line num="396" count="65" type="stmt"/>
        <line num="397" count="5" type="stmt"/>
        <line num="398" count="5" type="stmt"/>
        <line num="399" count="5" type="stmt"/>
        <line num="406" count="65" type="stmt"/>
        <line num="407" count="6" type="stmt"/>
        <line num="408" count="6" type="stmt"/>
        <line num="409" count="6" type="stmt"/>
        <line num="410" count="6" type="stmt"/>
        <line num="441" count="65" type="stmt"/>
        <line num="442" count="0" type="stmt"/>
        <line num="443" count="0" type="cond" truecount="0" falsecount="2"/>
        <line num="445" count="0" type="cond" truecount="0" falsecount="2"/>
        <line num="446" count="0" type="stmt"/>
        <line num="450" count="0" type="stmt"/>
        <line num="451" count="0" type="stmt"/>
        <line num="454" count="0" type="cond" truecount="0" falsecount="5"/>
        <line num="456" count="0" type="cond" truecount="0" falsecount="4"/>
        <line num="460" count="0" type="cond" truecount="0" falsecount="2"/>
        <line num="461" count="0" type="stmt"/>
        <line num="464" count="0" type="cond" truecount="0" falsecount="2"/>
        <line num="467" count="0" type="stmt"/>
        <line num="468" count="0" type="stmt"/>
        <line num="469" count="0" type="stmt"/>
        <line num="470" count="0" type="stmt"/>
        <line num="473" count="0" type="stmt"/>
        <line num="482" count="0" type="stmt"/>
        <line num="483" count="0" type="stmt"/>
        <line num="486" count="0" type="cond" truecount="0" falsecount="2"/>
        <line num="487" count="0" type="stmt"/>
        <line num="488" count="0" type="cond" truecount="0" falsecount="4"/>
        <line num="489" count="0" type="stmt"/>
        <line num="491" count="0" type="stmt"/>
        <line num="496" count="0" type="stmt"/>
        <line num="499" count="0" type="stmt"/>
        <line num="501" count="0" type="stmt"/>
        <line num="503" count="0" type="cond" truecount="0" falsecount="4"/>
        <line num="504" count="0" type="stmt"/>
        <line num="507" count="0" type="cond" truecount="0" falsecount="4"/>
        <line num="508" count="0" type="stmt"/>
        <line num="513" count="0" type="cond" truecount="0" falsecount="2"/>
        <line num="514" count="0" type="stmt"/>
        <line num="516" count="0" type="stmt"/>
        <line num="518" count="0" type="stmt"/>
        <line num="519" count="0" type="stmt"/>
        <line num="520" count="0" type="stmt"/>
        <line num="521" count="0" type="stmt"/>
        <line num="524" count="0" type="stmt"/>
        <line num="533" count="0" type="stmt"/>
        <line num="534" count="0" type="stmt"/>
        <line num="535" count="0" type="stmt"/>
        <line num="557" count="65" type="stmt"/>
        <line num="558" count="0" type="stmt"/>
        <line num="559" count="0" type="stmt"/>
        <line num="562" count="0" type="stmt"/>
        <line num="564" count="0" type="stmt"/>
        <line num="566" count="0" type="stmt"/>
        <line num="567" count="0" type="cond" truecount="0" falsecount="4"/>
        <line num="568" count="0" type="stmt"/>
        <line num="569" count="0" type="cond" truecount="0" falsecount="4"/>
        <line num="570" count="0" type="stmt"/>
        <line num="571" count="0" type="cond" truecount="0" falsecount="4"/>
        <line num="572" count="0" type="stmt"/>
        <line num="574" count="0" type="stmt"/>
        <line num="578" count="0" type="stmt"/>
        <line num="579" count="0" type="stmt"/>
        <line num="580" count="0" type="stmt"/>
        <line num="581" count="0" type="stmt"/>
        <line num="584" count="0" type="stmt"/>
        <line num="593" count="0" type="stmt"/>
        <line num="594" count="0" type="stmt"/>
        <line num="596" count="0" type="stmt"/>
        <line num="598" count="0" type="stmt"/>
        <line num="600" count="0" type="cond" truecount="0" falsecount="4"/>
        <line num="601" count="0" type="stmt"/>
        <line num="604" count="0" type="cond" truecount="0" falsecount="5"/>
        <line num="607" count="0" type="stmt"/>
        <line num="610" count="0" type="stmt"/>
        <line num="638" count="65" type="cond" truecount="0" falsecount="1"/>
        <line num="640" count="0" type="cond" truecount="0" falsecount="2"/>
        <line num="642" count="0" type="stmt"/>
        <line num="643" count="0" type="stmt"/>
        <line num="644" count="0" type="cond" truecount="0" falsecount="2"/>
        <line num="646" count="0" type="cond" truecount="0" falsecount="2"/>
        <line num="647" count="0" type="stmt"/>
        <line num="650" count="0" type="stmt"/>
        <line num="651" count="0" type="stmt"/>
        <line num="654" count="0" type="stmt"/>
        <line num="655" count="0" type="cond" truecount="0" falsecount="4"/>
        <line num="656" count="0" type="stmt"/>
        <line num="659" count="0" type="stmt"/>
        <line num="660" count="0" type="stmt"/>
        <line num="663" count="0" type="stmt"/>
        <line num="670" count="0" type="stmt"/>
        <line num="671" count="0" type="stmt"/>
        <line num="672" count="0" type="stmt"/>
        <line num="675" count="0" type="stmt"/>
        <line num="684" count="0" type="stmt"/>
        <line num="685" count="0" type="stmt"/>
        <line num="688" count="0" type="cond" truecount="0" falsecount="2"/>
        <line num="689" count="0" type="stmt"/>
        <line num="690" count="0" type="cond" truecount="0" falsecount="2"/>
        <line num="691" count="0" type="stmt"/>
        <line num="693" count="0" type="stmt"/>
        <line num="698" count="0" type="stmt"/>
        <line num="699" count="0" type="stmt"/>
        <line num="701" count="0" type="stmt"/>
        <line num="703" count="0" type="cond" truecount="0" falsecount="4"/>
        <line num="704" count="0" type="stmt"/>
        <line num="708" count="0" type="cond" truecount="0" falsecount="4"/>
        <line num="709" count="0" type="stmt"/>
        <line num="712" count="0" type="stmt"/>
        <line num="713" count="0" type="stmt"/>
        <line num="738" count="65" type="cond" truecount="0" falsecount="2"/>
        <line num="739" count="0" type="cond" truecount="0" falsecount="2"/>
        <line num="740" count="0" type="cond" truecount="0" falsecount="2"/>
        <line num="741" count="0" type="cond" truecount="0" falsecount="2"/>
        <line num="742" count="0" type="stmt"/>
        <line num="757" count="65" type="stmt"/>
        <line num="758" count="0" type="cond" truecount="0" falsecount="2"/>
        <line num="759" count="0" type="stmt"/>
        <line num="760" count="0" type="stmt"/>
        <line num="761" count="0" type="stmt"/>
        <line num="767" count="0" type="stmt"/>
        <line num="784" count="65" type="stmt"/>
        <line num="785" count="3" type="cond" truecount="1" falsecount="1"/>
        <line num="786" count="0" type="stmt"/>
        <line num="787" count="0" type="stmt"/>
        <line num="788" count="0" type="stmt"/>
        <line num="793" count="3" type="stmt"/>
        <line num="794" count="3" type="stmt"/>
        <line num="799" count="65" type="stmt"/>
        <line num="839" count="67" type="stmt"/>
        <line num="840" count="67" type="cond" truecount="2" falsecount="0"/>
        <line num="841" count="65" type="stmt"/>
      </file>
      <file name="DataContext.jsx" path="/Users/jagadeesh/1nonly/Tradazone/src/context/DataContext.jsx">
        <metrics statements="73" coveredstatements="73" conditionals="41" coveredconditionals="32" methods="23" coveredmethods="23"/>
        <line num="5" count="2" type="stmt"/>
        <line num="8" count="2" type="stmt"/>
        <line num="18" count="49" type="stmt"/>
        <line num="25" count="61" type="stmt"/>
        <line num="26" count="22" type="stmt"/>
        <line num="27" count="22" type="stmt"/>
        <line num="28" count="22" type="stmt"/>
        <line num="29" count="22" type="stmt"/>
        <line num="32" count="61" type="stmt"/>
        <line num="33" count="61" type="stmt"/>
        <line num="34" count="61" type="stmt"/>
        <line num="35" count="61" type="stmt"/>
        <line num="39" count="61" type="stmt"/>
        <line num="40" count="61" type="stmt"/>
        <line num="43" count="61" type="stmt"/>
        <line num="44" count="12" type="stmt"/>
        <line num="55" count="12" type="stmt"/>
        <line num="56" count="12" type="stmt"/>
        <line num="57" count="12" type="stmt"/>
        <line num="58" count="12" type="stmt"/>
        <line num="60" count="12" type="stmt"/>
        <line num="64" count="61" type="stmt"/>
        <line num="65" count="7" type="stmt"/>
        <line num="74" count="7" type="stmt"/>
        <line num="75" count="7" type="stmt"/>
        <line num="76" count="7" type="stmt"/>
        <line num="77" count="7" type="stmt"/>
        <line num="79" count="7" type="stmt"/>
        <line num="83" count="61" type="stmt"/>
        <line num="85" count="6" type="stmt"/>
        <line num="86" count="6" type="stmt"/>
        <line num="87" count="6" type="stmt"/>
        <line num="88" count="6" type="stmt"/>
        <line num="94" count="6" type="stmt"/>
        <line num="95" count="6" type="stmt"/>
        <line num="98" count="6" type="stmt"/>
        <line num="109" count="6" type="stmt"/>
        <line num="110" count="6" type="stmt"/>
        <line num="111" count="6" type="stmt"/>
        <line num="112" count="6" type="stmt"/>
        <line num="114" count="6" type="stmt"/>
        <line num="120" count="61" type="stmt"/>
        <line num="122" count="14" type="stmt"/>
        <line num="123" count="14" type="stmt"/>
        <line num="135" count="14" type="stmt"/>
        <line num="136" count="14" type="stmt"/>
        <line num="137" count="14" type="stmt"/>
        <line num="138" count="14" type="stmt"/>
        <line num="141" count="14" type="stmt"/>
        <line num="148" count="14" type="stmt"/>
        <line num="161" count="61" type="stmt"/>
        <line num="164" count="7" type="stmt"/>
        <line num="165" count="7" type="stmt"/>
        <line num="166" count="7" type="stmt"/>
        <line num="167" count="9" type="cond" truecount="2" falsecount="0"/>
        <line num="171" count="8" type="stmt"/>
        <line num="172" count="7" type="stmt"/>
        <line num="173" count="7" type="stmt"/>
        <line num="176" count="7" type="cond" truecount="2" falsecount="0"/>
        <line num="177" count="3" type="stmt"/>
        <line num="178" count="3" type="stmt"/>
        <line num="179" count="3" type="cond" truecount="1" falsecount="1"/>
        <line num="180" count="3" type="cond" truecount="2" falsecount="0"/>
        <line num="181" count="3" type="cond" truecount="2" falsecount="2"/>
        <line num="182" count="3" type="stmt"/>
        <line num="188" count="3" type="stmt"/>
        <line num="189" count="3" type="stmt"/>
        <line num="193" count="7" type="cond" truecount="1" falsecount="1"/>
        <line num="194" count="7" type="stmt"/>
        <line num="207" count="61" type="stmt"/>
        <line num="232" count="66" type="stmt"/>
        <line num="233" count="66" type="cond" truecount="2" falsecount="0"/>
        <line num="234" count="64" type="stmt"/>
      </file>
    </package>
    <package name="data">
      <metrics statements="6" coveredstatements="6" conditionals="0" coveredconditionals="0" methods="0" coveredmethods="0"/>
      <file name="mockData.js" path="/Users/jagadeesh/1nonly/Tradazone/src/data/mockData.js">
        <metrics statements="6" coveredstatements="6" conditionals="0" coveredconditionals="0" methods="0" coveredmethods="0"/>
        <line num="4" count="1" type="stmt"/>
        <line num="40" count="1" type="stmt"/>
        <line num="95" count="1" type="stmt"/>
        <line num="134" count="1" type="stmt"/>
        <line num="173" count="1" type="stmt"/>
        <line num="203" count="1" type="stmt"/>
      </file>
    </package>
    <package name="pages.auth">
      <metrics statements="15" coveredstatements="14" conditionals="10" coveredconditionals="10" methods="5" coveredmethods="4"/>
      <file name="SignUp.jsx" path="/Users/jagadeesh/1nonly/Tradazone/src/pages/auth/SignUp.jsx">
        <metrics statements="15" coveredstatements="14" conditionals="10" coveredconditionals="10" methods="5" coveredmethods="4"/>
        <line num="33" count="17" type="stmt"/>
        <line num="34" count="17" type="stmt"/>
        <line num="35" count="17" type="stmt"/>
        <line num="37" count="17" type="stmt"/>
        <line num="39" count="17" type="cond" truecount="2" falsecount="0"/>
        <line num="41" count="17" type="stmt"/>
        <line num="42" count="12" type="cond" truecount="2" falsecount="0"/>
        <line num="43" count="2" type="stmt"/>
        <line num="47" count="17" type="stmt"/>
        <line num="49" count="5" type="stmt"/>
        <line num="51" count="5" type="stmt"/>
        <line num="55" count="5" type="stmt"/>
        <line num="58" count="17" type="stmt"/>
        <line num="89" count="5" type="stmt"/>
        <line num="97" count="0" type="stmt"/>
      </file>
    </package>
    <package name="pages.checkouts">
      <metrics statements="12" coveredstatements="11" conditionals="8" coveredconditionals="8" methods="5" coveredmethods="4"/>
      <file name="CreateCheckout.jsx" path="/Users/jagadeesh/1nonly/Tradazone/src/pages/checkouts/CreateCheckout.jsx">
        <metrics statements="12" coveredstatements="11" conditionals="8" coveredconditionals="8" methods="5" coveredmethods="4"/>
        <line num="11" count="5" type="stmt"/>
        <line num="12" count="5" type="stmt"/>
        <line num="13" count="5" type="stmt"/>
        <line num="15" count="5" type="stmt"/>
        <line num="16" count="1" type="stmt"/>
        <line num="17" count="1" type="stmt"/>
        <line num="19" count="1" type="stmt"/>
        <line num="26" count="1" type="stmt"/>
        <line num="29" count="15" type="stmt"/>
        <line num="31" count="5" type="cond" truecount="2" falsecount="0"/>
        <line num="35" count="5" type="stmt"/>
        <line num="57" count="0" type="stmt"/>
      </file>
    </package>
    <package name="services">
      <metrics statements="77" coveredstatements="44" conditionals="37" coveredconditionals="32" methods="25" coveredmethods="7"/>
      <file name="api.js" path="/Users/jagadeesh/1nonly/Tradazone/src/services/api.js">
        <metrics statements="45" coveredstatements="13" conditionals="11" coveredconditionals="8" methods="20" coveredmethods="2"/>
        <line num="11" count="1" type="cond" truecount="2" falsecount="0"/>
        <line num="14" count="1" type="stmt"/>
        <line num="36" count="1" type="stmt"/>
        <line num="37" count="0" type="cond" truecount="0" falsecount="2"/>
        <line num="38" count="0" type="stmt"/>
        <line num="49" count="3" type="stmt"/>
        <line num="71" count="5" type="stmt"/>
        <line num="73" count="5" type="cond" truecount="2" falsecount="0"/>
        <line num="74" count="3" type="stmt"/>
        <line num="75" count="3" type="stmt"/>
        <line num="78" count="2" type="cond" truecount="2" falsecount="0"/>
        <line num="79" count="1" type="stmt"/>
        <line num="80" count="1" type="stmt"/>
        <line num="86" count="1" type="stmt"/>
        <line num="92" count="1" type="stmt"/>
        <line num="97" count="0" type="stmt"/>
        <line num="98" count="0" type="stmt"/>
        <line num="101" count="0" type="stmt"/>
        <line num="102" count="0" type="stmt"/>
        <line num="105" count="0" type="stmt"/>
        <line num="106" count="0" type="stmt"/>
        <line num="107" count="0" type="stmt"/>
        <line num="110" count="0" type="stmt"/>
        <line num="111" count="0" type="stmt"/>
        <line num="112" count="0" type="stmt"/>
        <line num="115" count="0" type="stmt"/>
        <line num="116" count="0" type="stmt"/>
        <line num="117" count="0" type="stmt"/>
        <line num="124" count="0" type="stmt"/>
        <line num="125" count="0" type="stmt"/>
        <line num="128" count="0" type="stmt"/>
        <line num="129" count="0" type="stmt"/>
        <line num="132" count="0" type="stmt"/>
        <line num="133" count="0" type="stmt"/>
        <line num="134" count="0" type="stmt"/>
        <line num="141" count="0" type="stmt"/>
        <line num="142" count="0" type="stmt"/>
        <line num="145" count="0" type="stmt"/>
        <line num="146" count="0" type="stmt"/>
        <line num="147" count="0" type="stmt"/>
        <line num="154" count="0" type="stmt"/>
        <line num="155" count="0" type="stmt"/>
        <line num="158" count="0" type="stmt"/>
        <line num="159" count="0" type="stmt"/>
        <line num="160" count="0" type="stmt"/>
      </file>
      <file name="webhook.js" path="/Users/jagadeesh/1nonly/Tradazone/src/services/webhook.js">
        <metrics statements="32" coveredstatements="31" conditionals="26" coveredconditionals="24" methods="5" coveredmethods="5"/>
        <line num="25" count="4" type="stmt"/>
        <line num="26" count="4" type="stmt"/>
        <line num="34" count="4" type="cond" truecount="2" falsecount="0"/>
        <line num="35" count="4" type="cond" truecount="2" falsecount="2"/>
        <line num="36" count="0" type="stmt"/>
        <line num="41" count="17" type="cond" truecount="2" falsecount="0"/>
        <line num="42" count="2" type="stmt"/>
        <line num="43" count="2" type="stmt"/>
        <line num="45" count="15" type="cond" truecount="2" falsecount="0"/>
        <line num="46" count="1" type="stmt"/>
        <line num="48" count="14" type="stmt"/>
        <line num="53" count="37" type="cond" truecount="2" falsecount="0"/>
        <line num="58" count="21" type="stmt"/>
        <line num="59" count="21" type="stmt"/>
        <line num="60" count="21" type="cond" truecount="2" falsecount="0"/>
        <line num="62" count="3" type="stmt"/>
        <line num="74" count="37" type="cond" truecount="5" falsecount="0"/>
        <line num="75" count="1" type="stmt"/>
        <line num="78" count="36" type="cond" truecount="5" falsecount="0"/>
        <line num="79" count="1" type="stmt"/>
        <line num="82" count="35" type="stmt"/>
        <line num="83" count="35" type="cond" truecount="2" falsecount="0"/>
        <line num="85" count="13" type="stmt"/>
        <line num="92" count="13" type="stmt"/>
        <line num="98" count="13" type="stmt"/>
        <line num="99" count="13" type="stmt"/>
        <line num="100" count="11" type="stmt"/>
        <line num="103" count="2" type="stmt"/>
        <line num="104" count="2" type="stmt"/>
        <line num="105" count="2" type="stmt"/>
        <line num="106" count="1" type="stmt"/>
        <line num="108" count="1" type="stmt"/>
      </file>
    </package>
    <package name="utils">
      <metrics statements="17" coveredstatements="12" conditionals="4" coveredconditionals="1" methods="8" coveredmethods="4"/>
      <file name="wallet-discovery.js" path="/Users/jagadeesh/1nonly/Tradazone/src/utils/wallet-discovery.js">
        <metrics statements="17" coveredstatements="12" conditionals="4" coveredconditionals="1" methods="8" coveredmethods="4"/>
        <line num="64" count="3" type="stmt"/>
        <line num="70" count="3" type="stmt"/>
        <line num="83" count="0" type="stmt"/>
        <line num="105" count="23" type="stmt"/>
        <line num="107" count="23" type="stmt"/>
        <line num="108" count="23" type="stmt"/>
        <line num="126" count="0" type="stmt"/>
        <line num="129" count="0" type="cond" truecount="0" falsecount="2"/>
        <line num="131" count="0" type="stmt"/>
        <line num="132" count="0" type="stmt"/>
        <line num="139" count="3" type="cond" truecount="1" falsecount="1"/>
        <line num="141" count="3" type="stmt"/>
        <line num="144" count="3" type="stmt"/>
        <line num="180" count="65" type="stmt"/>
        <line num="182" count="65" type="stmt"/>
        <line num="184" count="23" type="stmt"/>
        <line num="187" count="65" type="stmt"/>
      </file>
    </package>
  </project>
</coverage>
