{"/Users/jagadeesh/1nonly/Tradazone/src/assets/logo-blue.png": {"path":"/Users/jagadeesh/1nonly/Tradazone/src/assets/logo-blue.png","statementMap":{},"fnMap":{},"branchMap":{},"s":{},"f":{},"b":{},"meta":{"lastBranch":0,"lastFunction":0,"lastStatement":0,"seen":{}}}
,"/Users/jagadeesh/1nonly/Tradazone/src/assets/logo-white.png": {"path":"/Users/jagadeesh/1nonly/Tradazone/src/assets/logo-white.png","statementMap":{},"fnMap":{},"branchMap":{},"s":{},"f":{},"b":{},"meta":{"lastBranch":0,"lastFunction":0,"lastStatement":0,"seen":{}}}
,"/Users/jagadeesh/1nonly/Tradazone/src/components/forms/Button.jsx": {"path":"/Users/jagadeesh/1nonly/Tradazone/src/components/forms/Button.jsx","statementMap":{"0":{"start":{"line":14,"column":24},"end":{"line":14,"column":null}},"1":{"start":{"line":16,"column":27},"end":{"line":21,"column":null}},"2":{"start":{"line":23,"column":24},"end":{"line":27,"column":null}},"3":{"start":{"line":29,"column":4},"end":{"line":41,"column":null}}},"fnMap":{"0":{"name":"Button","decl":{"start":{"line":1,"column":9},"end":{"line":1,"column":16}},"loc":{"start":{"line":13,"column":3},"end":{"line":43,"column":null}},"line":13}},"branchMap":{"0":{"loc":{"start":{"line":3,"column":4},"end":{"line":3,"column":null}},"type":"default-arg","locations":[{"start":{"line":3,"column":14},"end":{"line":3,"column":null}}],"line":3},"1":{"loc":{"start":{"line":4,"column":4},"end":{"line":4,"column":null}},"type":"default-arg","locations":[{"start":{"line":4,"column":11},"end":{"line":4,"column":null}}],"line":4},"2":{"loc":{"start":{"line":6,"column":4},"end":{"line":6,"column":null}},"type":"default-arg","locations":[{"start":{"line":6,"column":19},"end":{"line":6,"column":null}}],"line":6},"3":{"loc":{"start":{"line":9,"column":4},"end":{"line":9,"column":null}},"type":"default-arg","locations":[{"start":{"line":9,"column":11},"end":{"line":9,"column":null}}],"line":9},"4":{"loc":{"start":{"line":11,"column":4},"end":{"line":11,"column":null}},"type":"default-arg","locations":[{"start":{"line":11,"column":16},"end":{"line":11,"column":null}}],"line":11},"5":{"loc":{"start":{"line":32,"column":41},"end":{"line":32,"column":90}},"type":"binary-expr","locations":[{"start":{"line":32,"column":41},"end":{"line":32,"column":68}},{"start":{"line":32,"column":68},"end":{"line":32,"column":90}}],"line":32},"6":{"loc":{"start":{"line":32,"column":94},"end":{"line":32,"column":133}},"type":"binary-expr","locations":[{"start":{"line":32,"column":94},"end":{"line":32,"column":115}},{"start":{"line":32,"column":115},"end":{"line":32,"column":133}}],"line":32},"7":{"loc":{"start":{"line":32,"column":137},"end":{"line":32,"column":195}},"type":"cond-expr","locations":[{"start":{"line":32,"column":159},"end":{"line":32,"column":193}},{"start":{"line":32,"column":193},"end":{"line":32,"column":195}}],"line":32},"8":{"loc":{"start":{"line":32,"column":137},"end":{"line":32,"column":159}},"type":"binary-expr","locations":[{"start":{"line":32,"column":137},"end":{"line":32,"column":149}},{"start":{"line":32,"column":149},"end":{"line":32,"column":159}}],"line":32},"9":{"loc":{"start":{"line":33,"column":22},"end":{"line":33,"column":null}},"type":"binary-expr","locations":[{"start":{"line":33,"column":22},"end":{"line":33,"column":34}},{"start":{"line":33,"column":34},"end":{"line":33,"column":null}}],"line":33},"10":{"loc":{"start":{"line":37,"column":13},"end":{"line":37,"column":null}},"type":"binary-expr","locations":[{"start":{"line":37,"column":13},"end":{"line":37,"column":24}},{"start":{"line":37,"column":24},"end":{"line":37,"column":null}}],"line":37},"11":{"loc":{"start":{"line":38,"column":13},"end":{"line":38,"column":null}},"type":"binary-expr","locations":[{"start":{"line":38,"column":13},"end":{"line":38,"column":21}},{"start":{"line":38,"column":21},"end":{"line":38,"column":48}},{"start":{"line":38,"column":48},"end":{"line":38,"column":null}}],"line":38},"12":{"loc":{"start":{"line":39,"column":13},"end":{"line":39,"column":null}},"type":"binary-expr","locations":[{"start":{"line":39,"column":13},"end":{"line":39,"column":25}},{"start":{"line":39,"column":25},"end":{"line":39,"column":null}}],"line":39},"13":{"loc":{"start":{"line":40,"column":13},"end":{"line":40,"column":null}},"type":"binary-expr","locations":[{"start":{"line":40,"column":13},"end":{"line":40,"column":21}},{"start":{"line":40,"column":21},"end":{"line":40,"column":49}},{"start":{"line":40,"column":49},"end":{"line":40,"column":null}}],"line":40}},"s":{"0":10,"1":10,"2":10,"3":10},"f":{"0":10},"b":{"0":[10],"1":[10],"2":[10],"3":[10],"4":[10],"5":[10,0],"6":[10,0],"7":[0,10],"8":[10,10],"9":[10,10],"10":[10,0],"11":[10,0,0],"12":[10,10],"13":[10,0,0]},"meta":{"lastBranch":14,"lastFunction":1,"lastStatement":4,"seen":{"f:1:9:1:16":0,"b:3:14:3:Infinity":0,"b:4:11:4:Infinity":1,"b:6:19:6:Infinity":2,"b:9:11:9:Infinity":3,"b:11:16:11:Infinity":4,"s:14:24:14:Infinity":0,"s:16:27:21:Infinity":1,"s:23:24:27:Infinity":2,"s:29:4:41:Infinity":3,"b:32:41:32:68:32:68:32:90":5,"b:32:94:32:115:32:115:32:133":6,"b:32:159:32:193:32:193:32:195":7,"b:32:137:32:149:32:149:32:159":8,"b:33:22:33:34:33:34:33:Infinity":9,"b:37:13:37:24:37:24:37:Infinity":10,"b:38:13:38:21:38:21:38:48:38:48:38:Infinity":11,"b:39:13:39:25:39:25:39:Infinity":12,"b:40:13:40:21:40:21:40:49:40:49:40:Infinity":13}}}
,"/Users/jagadeesh/1nonly/Tradazone/src/components/forms/Input.jsx": {"path":"/Users/jagadeesh/1nonly/Tradazone/src/components/forms/Input.jsx","statementMap":{"0":{"start":{"line":16,"column":20},"end":{"line":16,"column":null}},"1":{"start":{"line":18,"column":4},"end":{"line":42,"column":null}}},"fnMap":{"0":{"name":"Input","decl":{"start":{"line":1,"column":9},"end":{"line":1,"column":15}},"loc":{"start":{"line":15,"column":3},"end":{"line":44,"column":null}},"line":15}},"branchMap":{"0":{"loc":{"start":{"line":3,"column":4},"end":{"line":3,"column":null}},"type":"default-arg","locations":[{"start":{"line":3,"column":11},"end":{"line":3,"column":null}}],"line":3},"1":{"loc":{"start":{"line":13,"column":4},"end":{"line":13,"column":null}},"type":"default-arg","locations":[{"start":{"line":13,"column":16},"end":{"line":13,"column":null}}],"line":13},"2":{"loc":{"start":{"line":16,"column":20},"end":{"line":16,"column":null}},"type":"binary-expr","locations":[{"start":{"line":16,"column":20},"end":{"line":16,"column":26}},{"start":{"line":16,"column":26},"end":{"line":16,"column":null}}],"line":16},"3":{"loc":{"start":{"line":20,"column":13},"end":{"line":24,"column":null}},"type":"binary-expr","locations":[{"start":{"line":20,"column":13},"end":{"line":20,"column":null}},{"start":{"line":21,"column":16},"end":{"line":24,"column":null}}],"line":20},"4":{"loc":{"start":{"line":23,"column":21},"end":{"line":23,"column":null}},"type":"binary-expr","locations":[{"start":{"line":23,"column":21},"end":{"line":23,"column":33}},{"start":{"line":23,"column":33},"end":{"line":23,"column":null}}],"line":23},"5":{"loc":{"start":{"line":34,"column":115},"end":{"line":36,"column":null}},"type":"cond-expr","locations":[{"start":{"line":35,"column":26},"end":{"line":35,"column":null}},{"start":{"line":36,"column":26},"end":{"line":36,"column":null}}],"line":34},"6":{"loc":{"start":{"line":37,"column":24},"end":{"line":37,"column":84}},"type":"cond-expr","locations":[{"start":{"line":37,"column":35},"end":{"line":37,"column":82}},{"start":{"line":37,"column":82},"end":{"line":37,"column":84}}],"line":37},"7":{"loc":{"start":{"line":40,"column":13},"end":{"line":40,"column":null}},"type":"binary-expr","locations":[{"start":{"line":40,"column":13},"end":{"line":40,"column":22}},{"start":{"line":40,"column":22},"end":{"line":40,"column":null}}],"line":40},"8":{"loc":{"start":{"line":41,"column":13},"end":{"line":41,"column":null}},"type":"binary-expr","locations":[{"start":{"line":41,"column":13},"end":{"line":41,"column":21}},{"start":{"line":41,"column":21},"end":{"line":41,"column":31}},{"start":{"line":41,"column":31},"end":{"line":41,"column":null}}],"line":41}},"s":{"0":15,"1":15},"f":{"0":15},"b":{"0":[15],"1":[15],"2":[15,0],"3":[15,15],"4":[15,10],"5":[0,15],"6":[0,15],"7":[15,0],"8":[15,0,0]},"meta":{"lastBranch":9,"lastFunction":1,"lastStatement":2,"seen":{"f:1:9:1:15":0,"b:3:11:3:Infinity":0,"b:13:16:13:Infinity":1,"s:16:20:16:Infinity":0,"b:16:20:16:26:16:26:16:Infinity":2,"s:18:4:42:Infinity":1,"b:20:13:20:Infinity:21:16:24:Infinity":3,"b:23:21:23:33:23:33:23:Infinity":4,"b:35:26:35:Infinity:36:26:36:Infinity":5,"b:37:35:37:82:37:82:37:84":6,"b:40:13:40:22:40:22:40:Infinity":7,"b:41:13:41:21:41:21:41:31:41:31:41:Infinity":8}}}
,"/Users/jagadeesh/1nonly/Tradazone/src/components/routing/PrivateRoute.jsx": {"path":"/Users/jagadeesh/1nonly/Tradazone/src/components/routing/PrivateRoute.jsx","statementMap":{"0":{"start":{"line":25,"column":25},"end":{"line":25,"column":null}},"1":{"start":{"line":26,"column":10},"end":{"line":26,"column":null}},"2":{"start":{"line":29,"column":10},"end":{"line":29,"column":null}},"3":{"start":{"line":30,"column":27},"end":{"line":30,"column":null}},"4":{"start":{"line":34,"column":4},"end":{"line":38,"column":null}},"5":{"start":{"line":35,"column":8},"end":{"line":37,"column":null}},"6":{"start":{"line":36,"column":12},"end":{"line":36,"column":null}},"7":{"start":{"line":40,"column":4},"end":{"line":47,"column":null}},"8":{"start":{"line":41,"column":8},"end":{"line":45,"column":null}},"9":{"start":{"line":49,"column":4},"end":{"line":56,"column":null}},"10":{"start":{"line":50,"column":8},"end":{"line":54,"column":null}},"11":{"start":{"line":58,"column":4},"end":{"line":58,"column":null}}},"fnMap":{"0":{"name":"PrivateRoute","decl":{"start":{"line":24,"column":9},"end":{"line":24,"column":22}},"loc":{"start":{"line":24,"column":36},"end":{"line":59,"column":null}},"line":24},"1":{"name":"(anonymous_1)","decl":{"start":{"line":34,"column":14},"end":{"line":34,"column":20}},"loc":{"start":{"line":34,"column":20},"end":{"line":38,"column":7}},"line":34}},"branchMap":{"0":{"loc":{"start":{"line":30,"column":27},"end":{"line":30,"column":null}},"type":"binary-expr","locations":[{"start":{"line":30,"column":27},"end":{"line":30,"column":51}},{"start":{"line":30,"column":51},"end":{"line":30,"column":null}}],"line":30},"1":{"loc":{"start":{"line":35,"column":8},"end":{"line":37,"column":null}},"type":"if","locations":[{"start":{"line":35,"column":8},"end":{"line":37,"column":null}},{"start":{},"end":{}}],"line":35},"2":{"loc":{"start":{"line":40,"column":4},"end":{"line":47,"column":null}},"type":"if","locations":[{"start":{"line":40,"column":4},"end":{"line":47,"column":null}},{"start":{},"end":{}}],"line":40},"3":{"loc":{"start":{"line":49,"column":4},"end":{"line":56,"column":null}},"type":"if","locations":[{"start":{"line":49,"column":4},"end":{"line":56,"column":null}},{"start":{},"end":{}}],"line":49}},"s":{"0":12,"1":12,"2":12,"3":12,"4":12,"5":12,"6":0,"7":12,"8":0,"9":12,"10":10,"11":2},"f":{"0":12,"1":12},"b":{"0":[12,2],"1":[0,12],"2":[0,12],"3":[10,2]},"meta":{"lastBranch":4,"lastFunction":2,"lastStatement":12,"seen":{"f:24:9:24:22":0,"s:25:25:25:Infinity":0,"s:26:10:26:Infinity":1,"s:29:10:29:Infinity":2,"s:30:27:30:Infinity":3,"b:30:27:30:51:30:51:30:Infinity":0,"s:34:4:38:Infinity":4,"f:34:14:34:20":1,"b:35:8:37:Infinity:undefined:undefined:undefined:undefined":1,"s:35:8:37:Infinity":5,"s:36:12:36:Infinity":6,"b:40:4:47:Infinity:undefined:undefined:undefined:undefined":2,"s:40:4:47:Infinity":7,"s:41:8:45:Infinity":8,"b:49:4:56:Infinity:undefined:undefined:undefined:undefined":3,"s:49:4:56:Infinity":9,"s:50:8:54:Infinity":10,"s:58:4:58:Infinity":11}}}
,"/Users/jagadeesh/1nonly/Tradazone/src/components/ui/Logo.jsx": {"path":"/Users/jagadeesh/1nonly/Tradazone/src/components/ui/Logo.jsx","statementMap":{"0":{"start":{"line":15,"column":16},"end":{"line":15,"column":null}},"1":{"start":{"line":17,"column":4},"end":{"line":22,"column":null}}},"fnMap":{"0":{"name":"Logo","decl":{"start":{"line":14,"column":9},"end":{"line":14,"column":14}},"loc":{"start":{"line":14,"column":63},"end":{"line":24,"column":null}},"line":14}},"branchMap":{"0":{"loc":{"start":{"line":14,"column":16},"end":{"line":14,"column":35}},"type":"default-arg","locations":[{"start":{"line":14,"column":26},"end":{"line":14,"column":35}}],"line":14},"1":{"loc":{"start":{"line":14,"column":35},"end":{"line":14,"column":60}},"type":"default-arg","locations":[{"start":{"line":14,"column":47},"end":{"line":14,"column":60}}],"line":14},"2":{"loc":{"start":{"line":15,"column":16},"end":{"line":15,"column":null}},"type":"cond-expr","locations":[{"start":{"line":15,"column":37},"end":{"line":15,"column":49}},{"start":{"line":15,"column":49},"end":{"line":15,"column":null}}],"line":15}},"s":{"0":5,"1":5},"f":{"0":5},"b":{"0":[5],"1":[5],"2":[5,0]},"meta":{"lastBranch":3,"lastFunction":1,"lastStatement":2,"seen":{"f:14:9:14:14":0,"b:14:26:14:35":0,"b:14:47:14:60":1,"s:15:16:15:Infinity":0,"b:15:37:15:49:15:49:15:Infinity":2,"s:17:4:22:Infinity":1}}}
,"/Users/jagadeesh/1nonly/Tradazone/src/config/env.js": {"path":"/Users/jagadeesh/1nonly/Tradazone/src/config/env.js","statementMap":{"0":{"start":{"line":17,"column":16},"end":{"line":17,"column":61}},"1":{"start":{"line":20,"column":23},"end":{"line":22,"column":19}},"2":{"start":{"line":24,"column":30},"end":{"line":24,"column":55}},"3":{"start":{"line":25,"column":30},"end":{"line":25,"column":51}},"4":{"start":{"line":26,"column":30},"end":{"line":26,"column":54}},"5":{"start":{"line":29,"column":24},"end":{"line":29,"column":68}},"6":{"start":{"line":40,"column":30},"end":{"line":42,"column":28}},"7":{"start":{"line":49,"column":30},"end":{"line":51,"column":20}},"8":{"start":{"line":58,"column":33},"end":{"line":58,"column":47}}},"fnMap":{},"branchMap":{"0":{"loc":{"start":{"line":17,"column":16},"end":{"line":17,"column":61}},"type":"binary-expr","locations":[{"start":{"line":17,"column":16},"end":{"line":17,"column":44}},{"start":{"line":17,"column":48},"end":{"line":17,"column":61}}],"line":17},"1":{"loc":{"start":{"line":20,"column":23},"end":{"line":22,"column":19}},"type":"cond-expr","locations":[{"start":{"line":21,"column":6},"end":{"line":21,"column":null}},{"start":{"line":22,"column":6},"end":{"line":22,"column":19}}],"line":20},"2":{"loc":{"start":{"line":29,"column":24},"end":{"line":29,"column":68}},"type":"binary-expr","locations":[{"start":{"line":29,"column":24},"end":{"line":29,"column":53}},{"start":{"line":29,"column":57},"end":{"line":29,"column":68}}],"line":29},"3":{"loc":{"start":{"line":40,"column":30},"end":{"line":42,"column":28}},"type":"cond-expr","locations":[{"start":{"line":41,"column":6},"end":{"line":41,"column":null}},{"start":{"line":42,"column":6},"end":{"line":42,"column":28}}],"line":40},"4":{"loc":{"start":{"line":49,"column":30},"end":{"line":51,"column":20}},"type":"cond-expr","locations":[{"start":{"line":50,"column":6},"end":{"line":50,"column":29}},{"start":{"line":51,"column":6},"end":{"line":51,"column":20}}],"line":49}},"s":{"0":3,"1":3,"2":3,"3":3,"4":3,"5":3,"6":3,"7":3,"8":3},"f":{},"b":{"0":[3,3],"1":[3,0],"2":[3,3],"3":[0,3],"4":[0,3]},"meta":{"lastBranch":5,"lastFunction":0,"lastStatement":9,"seen":{"s:17:16:17:61":0,"b:17:16:17:44:17:48:17:61":0,"s:20:23:22:19":1,"b:21:6:21:Infinity:22:6:22:19":1,"s:24:30:24:55":2,"s:25:30:25:51":3,"s:26:30:26:54":4,"s:29:24:29:68":5,"b:29:24:29:53:29:57:29:68":2,"s:40:30:42:28":6,"b:41:6:41:Infinity:42:6:42:28":3,"s:49:30:51:20":7,"b:50:6:50:29:51:6:51:20":4,"s:58:33:58:47":8}}}
,"/Users/jagadeesh/1nonly/Tradazone/src/context/AuthContext.jsx": {"path":"/Users/jagadeesh/1nonly/Tradazone/src/context/AuthContext.jsx","statementMap":{"0":{"start":{"line":43,"column":6},"end":{"line":43,"column":null}},"1":{"start":{"line":49,"column":20},"end":{"line":49,"column":null}},"2":{"start":{"line":50,"column":20},"end":{"line":50,"column":null}},"3":{"start":{"line":179,"column":4},"end":{"line":190,"column":null}},"4":{"start":{"line":180,"column":20},"end":{"line":180,"column":null}},"5":{"start":{"line":181,"column":8},"end":{"line":181,"column":null}},"6":{"start":{"line":181,"column":18},"end":{"line":181,"column":null}},"7":{"start":{"line":182,"column":23},"end":{"line":182,"column":null}},"8":{"start":{"line":183,"column":8},"end":{"line":186,"column":null}},"9":{"start":{"line":184,"column":12},"end":{"line":184,"column":null}},"10":{"start":{"line":185,"column":12},"end":{"line":185,"column":null}},"11":{"start":{"line":187,"column":8},"end":{"line":187,"column":null}},"12":{"start":{"line":189,"column":8},"end":{"line":189,"column":null}},"13":{"start":{"line":200,"column":4},"end":{"line":203,"column":null}},"14":{"start":{"line":211,"column":4},"end":{"line":211,"column":null}},"15":{"start":{"line":222,"column":19},"end":{"line":230,"column":null}},"16":{"start":{"line":247,"column":24},"end":{"line":250,"column":null}},"17":{"start":{"line":248,"column":22},"end":{"line":248,"column":null}},"18":{"start":{"line":249,"column":8},"end":{"line":249,"column":null}},"19":{"start":{"line":256,"column":40},"end":{"line":256,"column":null}},"20":{"start":{"line":262,"column":28},"end":{"line":268,"column":null}},"21":{"start":{"line":271,"column":36},"end":{"line":271,"column":null}},"22":{"start":{"line":275,"column":10},"end":{"line":275,"column":null}},"23":{"start":{"line":278,"column":34},"end":{"line":285,"column":null}},"24":{"start":{"line":287,"column":4},"end":{"line":315,"column":null}},"25":{"start":{"line":288,"column":35},"end":{"line":306,"column":null}},"26":{"start":{"line":289,"column":24},"end":{"line":289,"column":null}},"27":{"start":{"line":291,"column":30},"end":{"line":291,"column":null}},"28":{"start":{"line":292,"column":30},"end":{"line":292,"column":null}},"29":{"start":{"line":294,"column":32},"end":{"line":294,"column":null}},"30":{"start":{"line":294,"column":62},"end":{"line":294,"column":91}},"31":{"start":{"line":295,"column":32},"end":{"line":295,"column":null}},"32":{"start":{"line":295,"column":62},"end":{"line":295,"column":91}},"33":{"start":{"line":296,"column":32},"end":{"line":296,"column":null}},"34":{"start":{"line":298,"column":12},"end":{"line":305,"column":null}},"35":{"start":{"line":308,"column":8},"end":{"line":308,"column":null}},"36":{"start":{"line":309,"column":23},"end":{"line":309,"column":null}},"37":{"start":{"line":310,"column":23},"end":{"line":310,"column":null}},"38":{"start":{"line":311,"column":8},"end":{"line":314,"column":null}},"39":{"start":{"line":312,"column":12},"end":{"line":312,"column":null}},"40":{"start":{"line":313,"column":12},"end":{"line":313,"column":null}},"41":{"start":{"line":321,"column":10},"end":{"line":347,"column":null}},"42":{"start":{"line":322,"column":30},"end":{"line":330,"column":null}},"43":{"start":{"line":333,"column":26},"end":{"line":333,"column":null}},"44":{"start":{"line":334,"column":34},"end":{"line":344,"column":null}},"45":{"start":{"line":335,"column":25},"end":{"line":335,"column":57}},"46":{"start":{"line":336,"column":23},"end":{"line":344,"column":14}},"47":{"start":{"line":346,"column":8},"end":{"line":346,"column":null}},"48":{"start":{"line":361,"column":32},"end":{"line":383,"column":null}},"49":{"start":{"line":362,"column":25},"end":{"line":362,"column":null}},"50":{"start":{"line":363,"column":25},"end":{"line":363,"column":null}},"51":{"start":{"line":366,"column":28},"end":{"line":366,"column":null}},"52":{"start":{"line":367,"column":8},"end":{"line":367,"column":null}},"53":{"start":{"line":368,"column":8},"end":{"line":368,"column":null}},"54":{"start":{"line":369,"column":8},"end":{"line":369,"column":null}},"55":{"start":{"line":372,"column":25},"end":{"line":380,"column":null}},"56":{"start":{"line":381,"column":8},"end":{"line":381,"column":null}},"57":{"start":{"line":382,"column":8},"end":{"line":382,"column":null}},"58":{"start":{"line":386,"column":23},"end":{"line":386,"column":null}},"59":{"start":{"line":396,"column":18},"end":{"line":400,"column":null}},"60":{"start":{"line":397,"column":23},"end":{"line":397,"column":null}},"61":{"start":{"line":398,"column":8},"end":{"line":398,"column":null}},"62":{"start":{"line":399,"column":8},"end":{"line":399,"column":null}},"63":{"start":{"line":406,"column":19},"end":{"line":411,"column":null}},"64":{"start":{"line":407,"column":8},"end":{"line":407,"column":null}},"65":{"start":{"line":408,"column":8},"end":{"line":408,"column":null}},"66":{"start":{"line":409,"column":8},"end":{"line":409,"column":null}},"67":{"start":{"line":410,"column":8},"end":{"line":410,"column":null}},"68":{"start":{"line":441,"column":34},"end":{"line":537,"column":null}},"69":{"start":{"line":442,"column":8},"end":{"line":536,"column":null}},"70":{"start":{"line":443,"column":37},"end":{"line":443,"column":null}},"71":{"start":{"line":445,"column":12},"end":{"line":447,"column":null}},"72":{"start":{"line":446,"column":16},"end":{"line":446,"column":null}},"73":{"start":{"line":450,"column":33},"end":{"line":452,"column":null}},"74":{"start":{"line":451,"column":16},"end":{"line":451,"column":null}},"75":{"start":{"line":454,"column":12},"end":{"line":497,"column":null}},"76":{"start":{"line":456,"column":20},"end":{"line":458,"column":null}},"77":{"start":{"line":460,"column":16},"end":{"line":462,"column":null}},"78":{"start":{"line":461,"column":20},"end":{"line":461,"column":null}},"79":{"start":{"line":464,"column":36},"end":{"line":464,"column":null}},"80":{"start":{"line":467,"column":36},"end":{"line":467,"column":null}},"81":{"start":{"line":468,"column":16},"end":{"line":468,"column":null}},"82":{"start":{"line":469,"column":16},"end":{"line":469,"column":null}},"83":{"start":{"line":470,"column":16},"end":{"line":470,"column":null}},"84":{"start":{"line":473,"column":33},"end":{"line":481,"column":null}},"85":{"start":{"line":482,"column":16},"end":{"line":482,"column":null}},"86":{"start":{"line":483,"column":16},"end":{"line":483,"column":null}},"87":{"start":{"line":486,"column":16},"end":{"line":494,"column":null}},"88":{"start":{"line":487,"column":20},"end":{"line":493,"column":null}},"89":{"start":{"line":488,"column":24},"end":{"line":492,"column":null}},"90":{"start":{"line":489,"column":28},"end":{"line":489,"column":null}},"91":{"start":{"line":491,"column":28},"end":{"line":491,"column":null}},"92":{"start":{"line":491,"column":49},"end":{"line":491,"column":83}},"93":{"start":{"line":496,"column":16},"end":{"line":496,"column":null}},"94":{"start":{"line":499,"column":12},"end":{"line":499,"column":null}},"95":{"start":{"line":501,"column":12},"end":{"line":501,"column":null}},"96":{"start":{"line":503,"column":12},"end":{"line":505,"column":null}},"97":{"start":{"line":504,"column":16},"end":{"line":504,"column":null}},"98":{"start":{"line":507,"column":12},"end":{"line":509,"column":null}},"99":{"start":{"line":508,"column":16},"end":{"line":508,"column":null}},"100":{"start":{"line":513,"column":12},"end":{"line":515,"column":null}},"101":{"start":{"line":514,"column":16},"end":{"line":514,"column":null}},"102":{"start":{"line":516,"column":29},"end":{"line":516,"column":null}},"103":{"start":{"line":518,"column":32},"end":{"line":518,"column":null}},"104":{"start":{"line":519,"column":12},"end":{"line":519,"column":null}},"105":{"start":{"line":520,"column":12},"end":{"line":520,"column":null}},"106":{"start":{"line":521,"column":12},"end":{"line":521,"column":null}},"107":{"start":{"line":524,"column":29},"end":{"line":532,"column":null}},"108":{"start":{"line":533,"column":12},"end":{"line":533,"column":null}},"109":{"start":{"line":534,"column":12},"end":{"line":534,"column":null}},"110":{"start":{"line":535,"column":12},"end":{"line":535,"column":null}},"111":{"start":{"line":557,"column":33},"end":{"line":612,"column":null}},"112":{"start":{"line":558,"column":8},"end":{"line":611,"column":null}},"113":{"start":{"line":559,"column":27},"end":{"line":559,"column":null}},"114":{"start":{"line":562,"column":12},"end":{"line":562,"column":null}},"115":{"start":{"line":564,"column":29},"end":{"line":564,"column":null}},"116":{"start":{"line":566,"column":23},"end":{"line":566,"column":null}},"117":{"start":{"line":567,"column":12},"end":{"line":575,"column":null}},"118":{"start":{"line":568,"column":16},"end":{"line":568,"column":null}},"119":{"start":{"line":569,"column":12},"end":{"line":575,"column":null}},"120":{"start":{"line":570,"column":16},"end":{"line":570,"column":null}},"121":{"start":{"line":571,"column":12},"end":{"line":575,"column":null}},"122":{"start":{"line":572,"column":16},"end":{"line":572,"column":null}},"123":{"start":{"line":574,"column":16},"end":{"line":574,"column":null}},"124":{"start":{"line":578,"column":32},"end":{"line":578,"column":null}},"125":{"start":{"line":579,"column":12},"end":{"line":579,"column":null}},"126":{"start":{"line":580,"column":12},"end":{"line":580,"column":null}},"127":{"start":{"line":581,"column":12},"end":{"line":581,"column":null}},"128":{"start":{"line":584,"column":29},"end":{"line":592,"column":null}},"129":{"start":{"line":593,"column":12},"end":{"line":593,"column":null}},"130":{"start":{"line":594,"column":12},"end":{"line":594,"column":null}},"131":{"start":{"line":596,"column":12},"end":{"line":596,"column":null}},"132":{"start":{"line":598,"column":12},"end":{"line":598,"column":null}},"133":{"start":{"line":600,"column":12},"end":{"line":602,"column":null}},"134":{"start":{"line":601,"column":16},"end":{"line":601,"column":null}},"135":{"start":{"line":604,"column":12},"end":{"line":608,"column":null}},"136":{"start":{"line":607,"column":16},"end":{"line":607,"column":null}},"137":{"start":{"line":610,"column":12},"end":{"line":610,"column":null}},"138":{"start":{"line":638,"column":29},"end":{"line":715,"column":null}},"139":{"start":{"line":640,"column":8},"end":{"line":640,"column":null}},"140":{"start":{"line":640,"column":26},"end":{"line":640,"column":null}},"141":{"start":{"line":642,"column":8},"end":{"line":642,"column":null}},"142":{"start":{"line":643,"column":8},"end":{"line":714,"column":null}},"143":{"start":{"line":644,"column":37},"end":{"line":644,"column":null}},"144":{"start":{"line":646,"column":12},"end":{"line":648,"column":null}},"145":{"start":{"line":647,"column":16},"end":{"line":647,"column":null}},"146":{"start":{"line":650,"column":40},"end":{"line":650,"column":null}},"147":{"start":{"line":651,"column":29},"end":{"line":651,"column":null}},"148":{"start":{"line":654,"column":29},"end":{"line":654,"column":null}},"149":{"start":{"line":655,"column":12},"end":{"line":657,"column":null}},"150":{"start":{"line":656,"column":16},"end":{"line":656,"column":null}},"151":{"start":{"line":659,"column":28},"end":{"line":659,"column":null}},"152":{"start":{"line":660,"column":28},"end":{"line":660,"column":null}},"153":{"start":{"line":663,"column":32},"end":{"line":669,"column":null}},"154":{"start":{"line":670,"column":12},"end":{"line":670,"column":null}},"155":{"start":{"line":671,"column":12},"end":{"line":671,"column":null}},"156":{"start":{"line":672,"column":12},"end":{"line":672,"column":null}},"157":{"start":{"line":675,"column":29},"end":{"line":683,"column":null}},"158":{"start":{"line":684,"column":12},"end":{"line":684,"column":null}},"159":{"start":{"line":685,"column":12},"end":{"line":685,"column":null}},"160":{"start":{"line":688,"column":12},"end":{"line":696,"column":null}},"161":{"start":{"line":689,"column":16},"end":{"line":695,"column":null}},"162":{"start":{"line":690,"column":20},"end":{"line":694,"column":null}},"163":{"start":{"line":691,"column":24},"end":{"line":691,"column":null}},"164":{"start":{"line":693,"column":24},"end":{"line":693,"column":null}},"165":{"start":{"line":693,"column":45},"end":{"line":693,"column":82}},"166":{"start":{"line":698,"column":12},"end":{"line":698,"column":null}},"167":{"start":{"line":699,"column":12},"end":{"line":699,"column":null}},"168":{"start":{"line":701,"column":12},"end":{"line":701,"column":null}},"169":{"start":{"line":703,"column":12},"end":{"line":705,"column":null}},"170":{"start":{"line":704,"column":16},"end":{"line":704,"column":null}},"171":{"start":{"line":708,"column":12},"end":{"line":710,"column":null}},"172":{"start":{"line":709,"column":16},"end":{"line":709,"column":null}},"173":{"start":{"line":712,"column":12},"end":{"line":712,"column":null}},"174":{"start":{"line":713,"column":12},"end":{"line":713,"column":null}},"175":{"start":{"line":738,"column":26},"end":{"line":743,"column":null}},"176":{"start":{"line":739,"column":8},"end":{"line":739,"column":null}},"177":{"start":{"line":739,"column":41},"end":{"line":739,"column":null}},"178":{"start":{"line":740,"column":8},"end":{"line":740,"column":null}},"179":{"start":{"line":740,"column":41},"end":{"line":740,"column":null}},"180":{"start":{"line":741,"column":8},"end":{"line":741,"column":null}},"181":{"start":{"line":741,"column":41},"end":{"line":741,"column":null}},"182":{"start":{"line":742,"column":8},"end":{"line":742,"column":null}},"183":{"start":{"line":757,"column":29},"end":{"line":768,"column":null}},"184":{"start":{"line":758,"column":8},"end":{"line":766,"column":null}},"185":{"start":{"line":759,"column":12},"end":{"line":764,"column":null}},"186":{"start":{"line":760,"column":39},"end":{"line":760,"column":null}},"187":{"start":{"line":761,"column":16},"end":{"line":761,"column":null}},"188":{"start":{"line":767,"column":8},"end":{"line":767,"column":null}},"189":{"start":{"line":784,"column":26},"end":{"line":795,"column":null}},"190":{"start":{"line":785,"column":8},"end":{"line":792,"column":null}},"191":{"start":{"line":786,"column":12},"end":{"line":791,"column":null}},"192":{"start":{"line":787,"column":39},"end":{"line":787,"column":null}},"193":{"start":{"line":788,"column":16},"end":{"line":788,"column":null}},"194":{"start":{"line":793,"column":8},"end":{"line":793,"column":null}},"195":{"start":{"line":794,"column":8},"end":{"line":794,"column":null}},"196":{"start":{"line":799,"column":4},"end":{"line":818,"column":null}},"197":{"start":{"line":839,"column":10},"end":{"line":839,"column":null}},"198":{"start":{"line":840,"column":4},"end":{"line":840,"column":null}},"199":{"start":{"line":840,"column":18},"end":{"line":840,"column":null}},"200":{"start":{"line":841,"column":4},"end":{"line":841,"column":null}}},"fnMap":{"0":{"name":"loadSession","decl":{"start":{"line":178,"column":16},"end":{"line":178,"column":30}},"loc":{"start":{"line":178,"column":30},"end":{"line":191,"column":null}},"line":178},"1":{"name":"saveSession","decl":{"start":{"line":199,"column":9},"end":{"line":199,"column":21}},"loc":{"start":{"line":199,"column":31},"end":{"line":204,"column":null}},"line":199},"2":{"name":"clearSession","decl":{"start":{"line":210,"column":9},"end":{"line":210,"column":24}},"loc":{"start":{"line":210,"column":24},"end":{"line":212,"column":null}},"line":210},"3":{"name":"AuthProvider","decl":{"start":{"line":245,"column":16},"end":{"line":245,"column":29}},"loc":{"start":{"line":245,"column":43},"end":{"line":820,"column":null}},"line":245},"4":{"name":"(anonymous_4)","decl":{"start":{"line":247,"column":37},"end":{"line":247,"column":43}},"loc":{"start":{"line":247,"column":43},"end":{"line":250,"column":5}},"line":247},"5":{"name":"(anonymous_5)","decl":{"start":{"line":287,"column":14},"end":{"line":287,"column":20}},"loc":{"start":{"line":287,"column":20},"end":{"line":315,"column":7}},"line":287},"6":{"name":"(anonymous_6)","decl":{"start":{"line":288,"column":35},"end":{"line":288,"column":41}},"loc":{"start":{"line":288,"column":41},"end":{"line":306,"column":null}},"line":288},"7":{"name":"(anonymous_7)","decl":{"start":{"line":294,"column":57},"end":{"line":294,"column":62}},"loc":{"start":{"line":294,"column":62},"end":{"line":294,"column":91}},"line":294},"8":{"name":"(anonymous_8)","decl":{"start":{"line":295,"column":57},"end":{"line":295,"column":62}},"loc":{"start":{"line":295,"column":62},"end":{"line":295,"column":91}},"line":295},"9":{"name":"(anonymous_9)","decl":{"start":{"line":311,"column":15},"end":{"line":311,"column":21}},"loc":{"start":{"line":311,"column":21},"end":{"line":314,"column":null}},"line":311},"10":{"name":"(anonymous_10)","decl":{"start":{"line":321,"column":37},"end":{"line":321,"column":43}},"loc":{"start":{"line":321,"column":43},"end":{"line":347,"column":7}},"line":321},"11":{"name":"(anonymous_11)","decl":{"start":{"line":335,"column":20},"end":{"line":335,"column":25}},"loc":{"start":{"line":335,"column":25},"end":{"line":335,"column":57}},"line":335},"12":{"name":"(anonymous_12)","decl":{"start":{"line":336,"column":17},"end":{"line":336,"column":23}},"loc":{"start":{"line":336,"column":23},"end":{"line":344,"column":14}},"line":336},"13":{"name":"(anonymous_13)","decl":{"start":{"line":361,"column":32},"end":{"line":361,"column":33}},"loc":{"start":{"line":361,"column":51},"end":{"line":383,"column":null}},"line":361},"14":{"name":"(anonymous_14)","decl":{"start":{"line":396,"column":18},"end":{"line":396,"column":19}},"loc":{"start":{"line":396,"column":32},"end":{"line":400,"column":null}},"line":396},"15":{"name":"(anonymous_15)","decl":{"start":{"line":406,"column":19},"end":{"line":406,"column":25}},"loc":{"start":{"line":406,"column":25},"end":{"line":411,"column":null}},"line":406},"16":{"name":"(anonymous_16)","decl":{"start":{"line":441,"column":34},"end":{"line":441,"column":46}},"loc":{"start":{"line":441,"column":46},"end":{"line":537,"column":null}},"line":441},"17":{"name":"(anonymous_17)","decl":{"start":{"line":450,"column":96},"end":{"line":450,"column":102}},"loc":{"start":{"line":450,"column":102},"end":{"line":452,"column":13}},"line":450},"18":{"name":"(anonymous_18)","decl":{"start":{"line":487,"column":59},"end":{"line":487,"column":60}},"loc":{"start":{"line":487,"column":73},"end":{"line":493,"column":21}},"line":487},"19":{"name":"(anonymous_19)","decl":{"start":{"line":491,"column":38},"end":{"line":491,"column":39}},"loc":{"start":{"line":491,"column":49},"end":{"line":491,"column":83}},"line":491},"20":{"name":"(anonymous_20)","decl":{"start":{"line":557,"column":33},"end":{"line":557,"column":45}},"loc":{"start":{"line":557,"column":45},"end":{"line":612,"column":null}},"line":557},"21":{"name":"(anonymous_21)","decl":{"start":{"line":638,"column":29},"end":{"line":638,"column":36}},"loc":{"start":{"line":638,"column":64},"end":{"line":715,"column":null}},"line":638},"22":{"name":"(anonymous_22)","decl":{"start":{"line":689,"column":55},"end":{"line":689,"column":56}},"loc":{"start":{"line":689,"column":72},"end":{"line":695,"column":17}},"line":689},"23":{"name":"(anonymous_23)","decl":{"start":{"line":693,"column":34},"end":{"line":693,"column":35}},"loc":{"start":{"line":693,"column":45},"end":{"line":693,"column":82}},"line":693},"24":{"name":"(anonymous_24)","decl":{"start":{"line":738,"column":26},"end":{"line":738,"column":33}},"loc":{"start":{"line":738,"column":72},"end":{"line":743,"column":null}},"line":738},"25":{"name":"(anonymous_25)","decl":{"start":{"line":757,"column":29},"end":{"line":757,"column":41}},"loc":{"start":{"line":757,"column":41},"end":{"line":768,"column":null}},"line":757},"26":{"name":"(anonymous_26)","decl":{"start":{"line":784,"column":26},"end":{"line":784,"column":38}},"loc":{"start":{"line":784,"column":38},"end":{"line":795,"column":null}},"line":784},"27":{"name":"useAuth","decl":{"start":{"line":838,"column":16},"end":{"line":838,"column":26}},"loc":{"start":{"line":838,"column":26},"end":{"line":842,"column":null}},"line":838}},"branchMap":{"0":{"loc":{"start":{"line":181,"column":8},"end":{"line":181,"column":null}},"type":"if","locations":[{"start":{"line":181,"column":8},"end":{"line":181,"column":null}},{"start":{},"end":{}}],"line":181},"1":{"loc":{"start":{"line":183,"column":8},"end":{"line":186,"column":null}},"type":"if","locations":[{"start":{"line":183,"column":8},"end":{"line":186,"column":null}},{"start":{},"end":{}}],"line":183},"2":{"loc":{"start":{"line":249,"column":15},"end":{"line":249,"column":null}},"type":"binary-expr","locations":[{"start":{"line":249,"column":15},"end":{"line":249,"column":24}},{"start":{"line":249,"column":24},"end":{"line":249,"column":null}}],"line":249},"3":{"loc":{"start":{"line":263,"column":17},"end":{"line":263,"column":null}},"type":"binary-expr","locations":[{"start":{"line":263,"column":17},"end":{"line":263,"column":39}},{"start":{"line":263,"column":39},"end":{"line":263,"column":null}}],"line":263},"4":{"loc":{"start":{"line":265,"column":18},"end":{"line":265,"column":null}},"type":"cond-expr","locations":[{"start":{"line":265,"column":50},"end":{"line":265,"column":58}},{"start":{"line":265,"column":58},"end":{"line":265,"column":null}}],"line":265},"5":{"loc":{"start":{"line":267,"column":17},"end":{"line":267,"column":null}},"type":"cond-expr","locations":[{"start":{"line":267,"column":49},"end":{"line":267,"column":61}},{"start":{"line":267,"column":61},"end":{"line":267,"column":null}}],"line":267},"6":{"loc":{"start":{"line":271,"column":49},"end":{"line":271,"column":72}},"type":"binary-expr","locations":[{"start":{"line":271,"column":49},"end":{"line":271,"column":68}},{"start":{"line":271,"column":68},"end":{"line":271,"column":72}}],"line":271},"7":{"loc":{"start":{"line":291,"column":30},"end":{"line":291,"column":null}},"type":"binary-expr","locations":[{"start":{"line":291,"column":30},"end":{"line":291,"column":63}},{"start":{"line":291,"column":63},"end":{"line":291,"column":null}}],"line":291},"8":{"loc":{"start":{"line":292,"column":30},"end":{"line":292,"column":null}},"type":"binary-expr","locations":[{"start":{"line":292,"column":30},"end":{"line":292,"column":63}},{"start":{"line":292,"column":63},"end":{"line":292,"column":null}}],"line":292},"9":{"loc":{"start":{"line":292,"column":66},"end":{"line":292,"column":null}},"type":"binary-expr","locations":[{"start":{"line":292,"column":66},"end":{"line":292,"column":93}},{"start":{"line":292,"column":93},"end":{"line":292,"column":null}}],"line":292},"10":{"loc":{"start":{"line":294,"column":32},"end":{"line":294,"column":null}},"type":"binary-expr","locations":[{"start":{"line":294,"column":32},"end":{"line":294,"column":96}},{"start":{"line":294,"column":96},"end":{"line":294,"column":null}}],"line":294},"11":{"loc":{"start":{"line":294,"column":99},"end":{"line":294,"column":null}},"type":"binary-expr","locations":[{"start":{"line":294,"column":99},"end":{"line":294,"column":106}},{"start":{"line":294,"column":106},"end":{"line":294,"column":null}}],"line":294},"12":{"loc":{"start":{"line":295,"column":32},"end":{"line":295,"column":null}},"type":"binary-expr","locations":[{"start":{"line":295,"column":32},"end":{"line":295,"column":97}},{"start":{"line":295,"column":97},"end":{"line":295,"column":null}}],"line":295},"13":{"loc":{"start":{"line":295,"column":100},"end":{"line":295,"column":null}},"type":"binary-expr","locations":[{"start":{"line":295,"column":100},"end":{"line":295,"column":129}},{"start":{"line":295,"column":129},"end":{"line":295,"column":136}},{"start":{"line":295,"column":136},"end":{"line":295,"column":null}}],"line":295},"14":{"loc":{"start":{"line":296,"column":32},"end":{"line":296,"column":null}},"type":"binary-expr","locations":[{"start":{"line":296,"column":32},"end":{"line":296,"column":104}},{"start":{"line":296,"column":104},"end":{"line":296,"column":140}},{"start":{"line":296,"column":140},"end":{"line":296,"column":null}}],"line":296},"15":{"loc":{"start":{"line":296,"column":143},"end":{"line":296,"column":null}},"type":"binary-expr","locations":[{"start":{"line":296,"column":143},"end":{"line":296,"column":150}},{"start":{"line":296,"column":150},"end":{"line":296,"column":null}}],"line":296},"16":{"loc":{"start":{"line":362,"column":25},"end":{"line":362,"column":null}},"type":"cond-expr","locations":[{"start":{"line":362,"column":46},"end":{"line":362,"column":54}},{"start":{"line":362,"column":54},"end":{"line":362,"column":null}}],"line":362},"17":{"loc":{"start":{"line":363,"column":25},"end":{"line":363,"column":null}},"type":"cond-expr","locations":[{"start":{"line":363,"column":46},"end":{"line":363,"column":58}},{"start":{"line":363,"column":58},"end":{"line":363,"column":null}}],"line":363},"18":{"loc":{"start":{"line":443,"column":37},"end":{"line":443,"column":null}},"type":"binary-expr","locations":[{"start":{"line":443,"column":37},"end":{"line":443,"column":64}},{"start":{"line":443,"column":64},"end":{"line":443,"column":null}}],"line":443},"19":{"loc":{"start":{"line":445,"column":12},"end":{"line":447,"column":null}},"type":"if","locations":[{"start":{"line":445,"column":12},"end":{"line":447,"column":null}},{"start":{},"end":{}}],"line":445},"20":{"loc":{"start":{"line":454,"column":12},"end":{"line":497,"column":null}},"type":"if","locations":[{"start":{"line":454,"column":12},"end":{"line":497,"column":null}},{"start":{},"end":{}}],"line":454},"21":{"loc":{"start":{"line":454,"column":16},"end":{"line":454,"column":91}},"type":"binary-expr","locations":[{"start":{"line":454,"column":16},"end":{"line":454,"column":49}},{"start":{"line":454,"column":49},"end":{"line":454,"column":65}},{"start":{"line":454,"column":65},"end":{"line":454,"column":91}}],"line":454},"22":{"loc":{"start":{"line":456,"column":20},"end":{"line":458,"column":null}},"type":"binary-expr","locations":[{"start":{"line":456,"column":20},"end":{"line":456,"column":null}},{"start":{"line":457,"column":21},"end":{"line":457,"column":49}},{"start":{"line":457,"column":49},"end":{"line":457,"column":null}},{"start":{"line":458,"column":20},"end":{"line":458,"column":null}}],"line":456},"23":{"loc":{"start":{"line":460,"column":16},"end":{"line":462,"column":null}},"type":"if","locations":[{"start":{"line":460,"column":16},"end":{"line":462,"column":null}},{"start":{},"end":{}}],"line":460},"24":{"loc":{"start":{"line":464,"column":36},"end":{"line":464,"column":null}},"type":"binary-expr","locations":[{"start":{"line":464,"column":36},"end":{"line":464,"column":64}},{"start":{"line":464,"column":64},"end":{"line":464,"column":null}}],"line":464},"25":{"loc":{"start":{"line":475,"column":26},"end":{"line":475,"column":null}},"type":"binary-expr","locations":[{"start":{"line":475,"column":26},"end":{"line":475,"column":51}},{"start":{"line":475,"column":51},"end":{"line":475,"column":null}}],"line":475},"26":{"loc":{"start":{"line":486,"column":16},"end":{"line":494,"column":null}},"type":"if","locations":[{"start":{"line":486,"column":16},"end":{"line":494,"column":null}},{"start":{},"end":{}}],"line":486},"27":{"loc":{"start":{"line":488,"column":24},"end":{"line":492,"column":null}},"type":"if","locations":[{"start":{"line":488,"column":24},"end":{"line":492,"column":null}},{"start":{"line":490,"column":31},"end":{"line":492,"column":null}}],"line":488},"28":{"loc":{"start":{"line":488,"column":28},"end":{"line":488,"column":64}},"type":"binary-expr","locations":[{"start":{"line":488,"column":28},"end":{"line":488,"column":41}},{"start":{"line":488,"column":41},"end":{"line":488,"column":64}}],"line":488},"29":{"loc":{"start":{"line":503,"column":12},"end":{"line":505,"column":null}},"type":"if","locations":[{"start":{"line":503,"column":12},"end":{"line":505,"column":null}},{"start":{},"end":{}}],"line":503},"30":{"loc":{"start":{"line":503,"column":16},"end":{"line":503,"column":103}},"type":"binary-expr","locations":[{"start":{"line":503,"column":16},"end":{"line":503,"column":65}},{"start":{"line":503,"column":65},"end":{"line":503,"column":103}}],"line":503},"31":{"loc":{"start":{"line":507,"column":12},"end":{"line":509,"column":null}},"type":"if","locations":[{"start":{"line":507,"column":12},"end":{"line":509,"column":null}},{"start":{},"end":{}}],"line":507},"32":{"loc":{"start":{"line":507,"column":16},"end":{"line":507,"column":97}},"type":"binary-expr","locations":[{"start":{"line":507,"column":16},"end":{"line":507,"column":60}},{"start":{"line":507,"column":60},"end":{"line":507,"column":97}}],"line":507},"33":{"loc":{"start":{"line":513,"column":12},"end":{"line":515,"column":null}},"type":"if","locations":[{"start":{"line":513,"column":12},"end":{"line":515,"column":null}},{"start":{},"end":{}}],"line":513},"34":{"loc":{"start":{"line":567,"column":12},"end":{"line":575,"column":null}},"type":"if","locations":[{"start":{"line":567,"column":12},"end":{"line":575,"column":null}},{"start":{"line":569,"column":12},"end":{"line":575,"column":null}}],"line":567},"35":{"loc":{"start":{"line":567,"column":16},"end":{"line":567,"column":74}},"type":"binary-expr","locations":[{"start":{"line":567,"column":16},"end":{"line":567,"column":48}},{"start":{"line":567,"column":48},"end":{"line":567,"column":74}}],"line":567},"36":{"loc":{"start":{"line":569,"column":12},"end":{"line":575,"column":null}},"type":"if","locations":[{"start":{"line":569,"column":12},"end":{"line":575,"column":null}},{"start":{"line":571,"column":12},"end":{"line":575,"column":null}}],"line":569},"37":{"loc":{"start":{"line":569,"column":23},"end":{"line":569,"column":55}},"type":"binary-expr","locations":[{"start":{"line":569,"column":23},"end":{"line":569,"column":35}},{"start":{"line":569,"column":35},"end":{"line":569,"column":55}}],"line":569},"38":{"loc":{"start":{"line":571,"column":12},"end":{"line":575,"column":null}},"type":"if","locations":[{"start":{"line":571,"column":12},"end":{"line":575,"column":null}},{"start":{"line":573,"column":19},"end":{"line":575,"column":null}}],"line":571},"39":{"loc":{"start":{"line":571,"column":23},"end":{"line":571,"column":51}},"type":"binary-expr","locations":[{"start":{"line":571,"column":23},"end":{"line":571,"column":35}},{"start":{"line":571,"column":35},"end":{"line":571,"column":51}}],"line":571},"40":{"loc":{"start":{"line":600,"column":12},"end":{"line":602,"column":null}},"type":"if","locations":[{"start":{"line":600,"column":12},"end":{"line":602,"column":null}},{"start":{},"end":{}}],"line":600},"41":{"loc":{"start":{"line":600,"column":16},"end":{"line":600,"column":95}},"type":"binary-expr","locations":[{"start":{"line":600,"column":16},"end":{"line":600,"column":60}},{"start":{"line":600,"column":60},"end":{"line":600,"column":95}}],"line":600},"42":{"loc":{"start":{"line":604,"column":12},"end":{"line":608,"column":null}},"type":"if","locations":[{"start":{"line":604,"column":12},"end":{"line":608,"column":null}},{"start":{},"end":{}}],"line":604},"43":{"loc":{"start":{"line":604,"column":16},"end":{"line":606,"column":54}},"type":"binary-expr","locations":[{"start":{"line":604,"column":16},"end":{"line":604,"column":null}},{"start":{"line":605,"column":16},"end":{"line":605,"column":null}},{"start":{"line":606,"column":16},"end":{"line":606,"column":54}}],"line":604},"44":{"loc":{"start":{"line":638,"column":36},"end":{"line":638,"column":64}},"type":"default-arg","locations":[{"start":{"line":638,"column":55},"end":{"line":638,"column":64}}],"line":638},"45":{"loc":{"start":{"line":640,"column":8},"end":{"line":640,"column":null}},"type":"if","locations":[{"start":{"line":640,"column":8},"end":{"line":640,"column":null}},{"start":{},"end":{}}],"line":640},"46":{"loc":{"start":{"line":644,"column":37},"end":{"line":644,"column":null}},"type":"binary-expr","locations":[{"start":{"line":644,"column":37},"end":{"line":644,"column":57}},{"start":{"line":644,"column":57},"end":{"line":644,"column":null}}],"line":644},"47":{"loc":{"start":{"line":646,"column":12},"end":{"line":648,"column":null}},"type":"if","locations":[{"start":{"line":646,"column":12},"end":{"line":648,"column":null}},{"start":{},"end":{}}],"line":646},"48":{"loc":{"start":{"line":655,"column":12},"end":{"line":657,"column":null}},"type":"if","locations":[{"start":{"line":655,"column":12},"end":{"line":657,"column":null}},{"start":{},"end":{}}],"line":655},"49":{"loc":{"start":{"line":655,"column":16},"end":{"line":655,"column":52}},"type":"binary-expr","locations":[{"start":{"line":655,"column":16},"end":{"line":655,"column":29}},{"start":{"line":655,"column":29},"end":{"line":655,"column":52}}],"line":655},"50":{"loc":{"start":{"line":688,"column":12},"end":{"line":696,"column":null}},"type":"if","locations":[{"start":{"line":688,"column":12},"end":{"line":696,"column":null}},{"start":{},"end":{}}],"line":688},"51":{"loc":{"start":{"line":690,"column":20},"end":{"line":694,"column":null}},"type":"if","locations":[{"start":{"line":690,"column":20},"end":{"line":694,"column":null}},{"start":{"line":692,"column":27},"end":{"line":694,"column":null}}],"line":690},"52":{"loc":{"start":{"line":703,"column":12},"end":{"line":705,"column":null}},"type":"if","locations":[{"start":{"line":703,"column":12},"end":{"line":705,"column":null}},{"start":{},"end":{}}],"line":703},"53":{"loc":{"start":{"line":703,"column":16},"end":{"line":703,"column":92}},"type":"binary-expr","locations":[{"start":{"line":703,"column":16},"end":{"line":703,"column":60}},{"start":{"line":703,"column":60},"end":{"line":703,"column":92}}],"line":703},"54":{"loc":{"start":{"line":708,"column":12},"end":{"line":710,"column":null}},"type":"if","locations":[{"start":{"line":708,"column":12},"end":{"line":710,"column":null}},{"start":{},"end":{}}],"line":708},"55":{"loc":{"start":{"line":708,"column":16},"end":{"line":708,"column":76}},"type":"binary-expr","locations":[{"start":{"line":708,"column":16},"end":{"line":708,"column":39}},{"start":{"line":708,"column":39},"end":{"line":708,"column":76}}],"line":708},"56":{"loc":{"start":{"line":738,"column":33},"end":{"line":738,"column":52}},"type":"default-arg","locations":[{"start":{"line":738,"column":40},"end":{"line":738,"column":52}}],"line":738},"57":{"loc":{"start":{"line":738,"column":52},"end":{"line":738,"column":72}},"type":"default-arg","locations":[{"start":{"line":738,"column":63},"end":{"line":738,"column":72}}],"line":738},"58":{"loc":{"start":{"line":739,"column":8},"end":{"line":739,"column":null}},"type":"if","locations":[{"start":{"line":739,"column":8},"end":{"line":739,"column":null}},{"start":{},"end":{}}],"line":739},"59":{"loc":{"start":{"line":740,"column":8},"end":{"line":740,"column":null}},"type":"if","locations":[{"start":{"line":740,"column":8},"end":{"line":740,"column":null}},{"start":{},"end":{}}],"line":740},"60":{"loc":{"start":{"line":741,"column":8},"end":{"line":741,"column":null}},"type":"if","locations":[{"start":{"line":741,"column":8},"end":{"line":741,"column":null}},{"start":{},"end":{}}],"line":741},"61":{"loc":{"start":{"line":758,"column":8},"end":{"line":766,"column":null}},"type":"if","locations":[{"start":{"line":758,"column":8},"end":{"line":766,"column":null}},{"start":{},"end":{}}],"line":758},"62":{"loc":{"start":{"line":785,"column":8},"end":{"line":792,"column":null}},"type":"if","locations":[{"start":{"line":785,"column":8},"end":{"line":792,"column":null}},{"start":{},"end":{}}],"line":785},"63":{"loc":{"start":{"line":840,"column":4},"end":{"line":840,"column":null}},"type":"if","locations":[{"start":{"line":840,"column":4},"end":{"line":840,"column":null}},{"start":{},"end":{}}],"line":840}},"s":{"0":3,"1":3,"2":3,"3":35,"4":35,"5":35,"6":26,"7":9,"8":9,"9":4,"10":4,"11":4,"12":1,"13":13,"14":6,"15":3,"16":65,"17":23,"18":23,"19":65,"20":65,"21":65,"22":65,"23":65,"24":65,"25":23,"26":23,"27":23,"28":23,"29":23,"30":0,"31":23,"32":0,"33":23,"34":23,"35":23,"36":23,"37":23,"38":23,"39":23,"40":23,"41":65,"42":46,"43":46,"44":46,"45":0,"46":0,"47":46,"48":65,"49":8,"50":8,"51":8,"52":8,"53":8,"54":8,"55":8,"56":8,"57":8,"58":65,"59":65,"60":5,"61":5,"62":5,"63":65,"64":6,"65":6,"66":6,"67":6,"68":65,"69":0,"70":0,"71":0,"72":0,"73":0,"74":0,"75":0,"76":0,"77":0,"78":0,"79":0,"80":0,"81":0,"82":0,"83":0,"84":0,"85":0,"86":0,"87":0,"88":0,"89":0,"90":0,"91":0,"92":0,"93":0,"94":0,"95":0,"96":0,"97":0,"98":0,"99":0,"100":0,"101":0,"102":0,"103":0,"104":0,"105":0,"106":0,"107":0,"108":0,"109":0,"110":0,"111":65,"112":0,"113":0,"114":0,"115":0,"116":0,"117":0,"118":0,"119":0,"120":0,"121":0,"122":0,"123":0,"124":0,"125":0,"126":0,"127":0,"128":0,"129":0,"130":0,"131":0,"132":0,"133":0,"134":0,"135":0,"136":0,"137":0,"138":65,"139":0,"140":0,"141":0,"142":0,"143":0,"144":0,"145":0,"146":0,"147":0,"148":0,"149":0,"150":0,"151":0,"152":0,"153":0,"154":0,"155":0,"156":0,"157":0,"158":0,"159":0,"160":0,"161":0,"162":0,"163":0,"164":0,"165":0,"166":0,"167":0,"168":0,"169":0,"170":0,"171":0,"172":0,"173":0,"174":0,"175":65,"176":0,"177":0,"178":0,"179":0,"180":0,"181":0,"182":0,"183":65,"184":0,"185":0,"186":0,"187":0,"188":0,"189":65,"190":3,"191":0,"192":0,"193":0,"194":3,"195":3,"196":65,"197":67,"198":67,"199":2,"200":65},"f":{"0":35,"1":13,"2":6,"3":65,"4":23,"5":23,"6":23,"7":0,"8":0,"9":23,"10":46,"11":0,"12":0,"13":8,"14":5,"15":6,"16":0,"17":0,"18":0,"19":0,"20":0,"21":0,"22":0,"23":0,"24":0,"25":0,"26":3,"27":67},"b":{"0":[26,9],"1":[4,5],"2":[23,21],"3":[65,57],"4":[5,60],"5":[5,60],"6":[65,57],"7":[23,23],"8":[23,23],"9":[23,23],"10":[23,23],"11":[23,0],"12":[23,23],"13":[23,23,0],"14":[23,23,23],"15":[23,0],"16":[5,3],"17":[5,3],"18":[0,0],"19":[0,0],"20":[0,0],"21":[0,0,0],"22":[0,0,0,0],"23":[0,0],"24":[0,0],"25":[0,0],"26":[0,0],"27":[0,0],"28":[0,0],"29":[0,0],"30":[0,0],"31":[0,0],"32":[0,0],"33":[0,0],"34":[0,0],"35":[0,0],"36":[0,0],"37":[0,0],"38":[0,0],"39":[0,0],"40":[0,0],"41":[0,0],"42":[0,0],"43":[0,0,0],"44":[0],"45":[0,0],"46":[0,0],"47":[0,0],"48":[0,0],"49":[0,0],"50":[0,0],"51":[0,0],"52":[0,0],"53":[0,0],"54":[0,0],"55":[0,0],"56":[0],"57":[0],"58":[0,0],"59":[0,0],"60":[0,0],"61":[0,0],"62":[0,3],"63":[2,65]},"meta":{"lastBranch":64,"lastFunction":28,"lastStatement":201,"seen":{"s:43:6:43:Infinity":0,"s:49:20:49:Infinity":1,"s:50:20:50:Infinity":2,"f:178:16:178:30":0,"s:179:4:190:Infinity":3,"s:180:20:180:Infinity":4,"b:181:8:181:Infinity:undefined:undefined:undefined:undefined":0,"s:181:8:181:Infinity":5,"s:181:18:181:Infinity":6,"s:182:23:182:Infinity":7,"b:183:8:186:Infinity:undefined:undefined:undefined:undefined":1,"s:183:8:186:Infinity":8,"s:184:12:184:Infinity":9,"s:185:12:185:Infinity":10,"s:187:8:187:Infinity":11,"s:189:8:189:Infinity":12,"f:199:9:199:21":1,"s:200:4:203:Infinity":13,"f:210:9:210:24":2,"s:211:4:211:Infinity":14,"s:222:19:230:Infinity":15,"f:245:16:245:29":3,"s:247:24:250:Infinity":16,"f:247:37:247:43":4,"s:248:22:248:Infinity":17,"s:249:8:249:Infinity":18,"b:249:15:249:24:249:24:249:Infinity":2,"s:256:40:256:Infinity":19,"s:262:28:268:Infinity":20,"b:263:17:263:39:263:39:263:Infinity":3,"b:265:50:265:58:265:58:265:Infinity":4,"b:267:49:267:61:267:61:267:Infinity":5,"s:271:36:271:Infinity":21,"b:271:49:271:68:271:68:271:72":6,"s:275:10:275:Infinity":22,"s:278:34:285:Infinity":23,"s:287:4:315:Infinity":24,"f:287:14:287:20":5,"s:288:35:306:Infinity":25,"f:288:35:288:41":6,"s:289:24:289:Infinity":26,"s:291:30:291:Infinity":27,"b:291:30:291:63:291:63:291:Infinity":7,"s:292:30:292:Infinity":28,"b:292:30:292:63:292:63:292:Infinity":8,"b:292:66:292:93:292:93:292:Infinity":9,"s:294:32:294:Infinity":29,"b:294:32:294:96:294:96:294:Infinity":10,"f:294:57:294:62":7,"s:294:62:294:91":30,"b:294:99:294:106:294:106:294:Infinity":11,"s:295:32:295:Infinity":31,"b:295:32:295:97:295:97:295:Infinity":12,"f:295:57:295:62":8,"s:295:62:295:91":32,"b:295:100:295:129:295:129:295:136:295:136:295:Infinity":13,"s:296:32:296:Infinity":33,"b:296:32:296:104:296:104:296:140:296:140:296:Infinity":14,"b:296:143:296:150:296:150:296:Infinity":15,"s:298:12:305:Infinity":34,"s:308:8:308:Infinity":35,"s:309:23:309:Infinity":36,"s:310:23:310:Infinity":37,"s:311:8:314:Infinity":38,"f:311:15:311:21":9,"s:312:12:312:Infinity":39,"s:313:12:313:Infinity":40,"s:321:10:347:Infinity":41,"f:321:37:321:43":10,"s:322:30:330:Infinity":42,"s:333:26:333:Infinity":43,"s:334:34:344:Infinity":44,"f:335:20:335:25":11,"s:335:25:335:57":45,"f:336:17:336:23":12,"s:336:23:344:14":46,"s:346:8:346:Infinity":47,"s:361:32:383:Infinity":48,"f:361:32:361:33":13,"s:362:25:362:Infinity":49,"b:362:46:362:54:362:54:362:Infinity":16,"s:363:25:363:Infinity":50,"b:363:46:363:58:363:58:363:Infinity":17,"s:366:28:366:Infinity":51,"s:367:8:367:Infinity":52,"s:368:8:368:Infinity":53,"s:369:8:369:Infinity":54,"s:372:25:380:Infinity":55,"s:381:8:381:Infinity":56,"s:382:8:382:Infinity":57,"s:386:23:386:Infinity":58,"s:396:18:400:Infinity":59,"f:396:18:396:19":14,"s:397:23:397:Infinity":60,"s:398:8:398:Infinity":61,"s:399:8:399:Infinity":62,"s:406:19:411:Infinity":63,"f:406:19:406:25":15,"s:407:8:407:Infinity":64,"s:408:8:408:Infinity":65,"s:409:8:409:Infinity":66,"s:410:8:410:Infinity":67,"s:441:34:537:Infinity":68,"f:441:34:441:46":16,"s:442:8:536:Infinity":69,"s:443:37:443:Infinity":70,"b:443:37:443:64:443:64:443:Infinity":18,"b:445:12:447:Infinity:undefined:undefined:undefined:undefined":19,"s:445:12:447:Infinity":71,"s:446:16:446:Infinity":72,"s:450:33:452:Infinity":73,"f:450:96:450:102":17,"s:451:16:451:Infinity":74,"b:454:12:497:Infinity:undefined:undefined:undefined:undefined":20,"s:454:12:497:Infinity":75,"b:454:16:454:49:454:49:454:65:454:65:454:91":21,"s:456:20:458:Infinity":76,"b:456:20:456:Infinity:457:21:457:49:457:49:457:Infinity:458:20:458:Infinity":22,"b:460:16:462:Infinity:undefined:undefined:undefined:undefined":23,"s:460:16:462:Infinity":77,"s:461:20:461:Infinity":78,"s:464:36:464:Infinity":79,"b:464:36:464:64:464:64:464:Infinity":24,"s:467:36:467:Infinity":80,"s:468:16:468:Infinity":81,"s:469:16:469:Infinity":82,"s:470:16:470:Infinity":83,"s:473:33:481:Infinity":84,"b:475:26:475:51:475:51:475:Infinity":25,"s:482:16:482:Infinity":85,"s:483:16:483:Infinity":86,"b:486:16:494:Infinity:undefined:undefined:undefined:undefined":26,"s:486:16:494:Infinity":87,"s:487:20:493:Infinity":88,"f:487:59:487:60":18,"b:488:24:492:Infinity:490:31:492:Infinity":27,"s:488:24:492:Infinity":89,"b:488:28:488:41:488:41:488:64":28,"s:489:28:489:Infinity":90,"s:491:28:491:Infinity":91,"f:491:38:491:39":19,"s:491:49:491:83":92,"s:496:16:496:Infinity":93,"s:499:12:499:Infinity":94,"s:501:12:501:Infinity":95,"b:503:12:505:Infinity:undefined:undefined:undefined:undefined":29,"s:503:12:505:Infinity":96,"b:503:16:503:65:503:65:503:103":30,"s:504:16:504:Infinity":97,"b:507:12:509:Infinity:undefined:undefined:undefined:undefined":31,"s:507:12:509:Infinity":98,"b:507:16:507:60:507:60:507:97":32,"s:508:16:508:Infinity":99,"b:513:12:515:Infinity:undefined:undefined:undefined:undefined":33,"s:513:12:515:Infinity":100,"s:514:16:514:Infinity":101,"s:516:29:516:Infinity":102,"s:518:32:518:Infinity":103,"s:519:12:519:Infinity":104,"s:520:12:520:Infinity":105,"s:521:12:521:Infinity":106,"s:524:29:532:Infinity":107,"s:533:12:533:Infinity":108,"s:534:12:534:Infinity":109,"s:535:12:535:Infinity":110,"s:557:33:612:Infinity":111,"f:557:33:557:45":20,"s:558:8:611:Infinity":112,"s:559:27:559:Infinity":113,"s:562:12:562:Infinity":114,"s:564:29:564:Infinity":115,"s:566:23:566:Infinity":116,"b:567:12:575:Infinity:569:12:575:Infinity":34,"s:567:12:575:Infinity":117,"b:567:16:567:48:567:48:567:74":35,"s:568:16:568:Infinity":118,"b:569:12:575:Infinity:571:12:575:Infinity":36,"s:569:12:575:Infinity":119,"b:569:23:569:35:569:35:569:55":37,"s:570:16:570:Infinity":120,"b:571:12:575:Infinity:573:19:575:Infinity":38,"s:571:12:575:Infinity":121,"b:571:23:571:35:571:35:571:51":39,"s:572:16:572:Infinity":122,"s:574:16:574:Infinity":123,"s:578:32:578:Infinity":124,"s:579:12:579:Infinity":125,"s:580:12:580:Infinity":126,"s:581:12:581:Infinity":127,"s:584:29:592:Infinity":128,"s:593:12:593:Infinity":129,"s:594:12:594:Infinity":130,"s:596:12:596:Infinity":131,"s:598:12:598:Infinity":132,"b:600:12:602:Infinity:undefined:undefined:undefined:undefined":40,"s:600:12:602:Infinity":133,"b:600:16:600:60:600:60:600:95":41,"s:601:16:601:Infinity":134,"b:604:12:608:Infinity:undefined:undefined:undefined:undefined":42,"s:604:12:608:Infinity":135,"b:604:16:604:Infinity:605:16:605:Infinity:606:16:606:54":43,"s:607:16:607:Infinity":136,"s:610:12:610:Infinity":137,"s:638:29:715:Infinity":138,"f:638:29:638:36":21,"b:638:55:638:64":44,"b:640:8:640:Infinity:undefined:undefined:undefined:undefined":45,"s:640:8:640:Infinity":139,"s:640:26:640:Infinity":140,"s:642:8:642:Infinity":141,"s:643:8:714:Infinity":142,"s:644:37:644:Infinity":143,"b:644:37:644:57:644:57:644:Infinity":46,"b:646:12:648:Infinity:undefined:undefined:undefined:undefined":47,"s:646:12:648:Infinity":144,"s:647:16:647:Infinity":145,"s:650:40:650:Infinity":146,"s:651:29:651:Infinity":147,"s:654:29:654:Infinity":148,"b:655:12:657:Infinity:undefined:undefined:undefined:undefined":48,"s:655:12:657:Infinity":149,"b:655:16:655:29:655:29:655:52":49,"s:656:16:656:Infinity":150,"s:659:28:659:Infinity":151,"s:660:28:660:Infinity":152,"s:663:32:669:Infinity":153,"s:670:12:670:Infinity":154,"s:671:12:671:Infinity":155,"s:672:12:672:Infinity":156,"s:675:29:683:Infinity":157,"s:684:12:684:Infinity":158,"s:685:12:685:Infinity":159,"b:688:12:696:Infinity:undefined:undefined:undefined:undefined":50,"s:688:12:696:Infinity":160,"s:689:16:695:Infinity":161,"f:689:55:689:56":22,"b:690:20:694:Infinity:692:27:694:Infinity":51,"s:690:20:694:Infinity":162,"s:691:24:691:Infinity":163,"s:693:24:693:Infinity":164,"f:693:34:693:35":23,"s:693:45:693:82":165,"s:698:12:698:Infinity":166,"s:699:12:699:Infinity":167,"s:701:12:701:Infinity":168,"b:703:12:705:Infinity:undefined:undefined:undefined:undefined":52,"s:703:12:705:Infinity":169,"b:703:16:703:60:703:60:703:92":53,"s:704:16:704:Infinity":170,"b:708:12:710:Infinity:undefined:undefined:undefined:undefined":54,"s:708:12:710:Infinity":171,"b:708:16:708:39:708:39:708:76":55,"s:709:16:709:Infinity":172,"s:712:12:712:Infinity":173,"s:713:12:713:Infinity":174,"s:738:26:743:Infinity":175,"f:738:26:738:33":24,"b:738:40:738:52":56,"b:738:63:738:72":57,"b:739:8:739:Infinity:undefined:undefined:undefined:undefined":58,"s:739:8:739:Infinity":176,"s:739:41:739:Infinity":177,"b:740:8:740:Infinity:undefined:undefined:undefined:undefined":59,"s:740:8:740:Infinity":178,"s:740:41:740:Infinity":179,"b:741:8:741:Infinity:undefined:undefined:undefined:undefined":60,"s:741:8:741:Infinity":180,"s:741:41:741:Infinity":181,"s:742:8:742:Infinity":182,"s:757:29:768:Infinity":183,"f:757:29:757:41":25,"b:758:8:766:Infinity:undefined:undefined:undefined:undefined":61,"s:758:8:766:Infinity":184,"s:759:12:764:Infinity":185,"s:760:39:760:Infinity":186,"s:761:16:761:Infinity":187,"s:767:8:767:Infinity":188,"s:784:26:795:Infinity":189,"f:784:26:784:38":26,"b:785:8:792:Infinity:undefined:undefined:undefined:undefined":62,"s:785:8:792:Infinity":190,"s:786:12:791:Infinity":191,"s:787:39:787:Infinity":192,"s:788:16:788:Infinity":193,"s:793:8:793:Infinity":194,"s:794:8:794:Infinity":195,"s:799:4:818:Infinity":196,"f:838:16:838:26":27,"s:839:10:839:Infinity":197,"b:840:4:840:Infinity:undefined:undefined:undefined:undefined":63,"s:840:4:840:Infinity":198,"s:840:18:840:Infinity":199,"s:841:4:841:Infinity":200}}}
,"/Users/jagadeesh/1nonly/Tradazone/src/context/DataContext.jsx": {"path":"/Users/jagadeesh/1nonly/Tradazone/src/context/DataContext.jsx","statementMap":{"0":{"start":{"line":5,"column":6},"end":{"line":5,"column":null}},"1":{"start":{"line":8,"column":13},"end":{"line":13,"column":null}},"2":{"start":{"line":18,"column":4},"end":{"line":18,"column":null}},"3":{"start":{"line":25,"column":4},"end":{"line":30,"column":null}},"4":{"start":{"line":26,"column":8},"end":{"line":26,"column":null}},"5":{"start":{"line":27,"column":8},"end":{"line":27,"column":null}},"6":{"start":{"line":28,"column":8},"end":{"line":28,"column":null}},"7":{"start":{"line":29,"column":8},"end":{"line":29,"column":null}},"8":{"start":{"line":32,"column":34},"end":{"line":32,"column":null}},"9":{"start":{"line":33,"column":32},"end":{"line":33,"column":null}},"10":{"start":{"line":34,"column":34},"end":{"line":34,"column":null}},"11":{"start":{"line":35,"column":26},"end":{"line":35,"column":null}},"12":{"start":{"line":39,"column":10},"end":{"line":39,"column":null}},"13":{"start":{"line":40,"column":10},"end":{"line":40,"column":null}},"14":{"start":{"line":43,"column":10},"end":{"line":61,"column":null}},"15":{"start":{"line":44,"column":28},"end":{"line":54,"column":null}},"16":{"start":{"line":55,"column":8},"end":{"line":59,"column":null}},"17":{"start":{"line":56,"column":25},"end":{"line":56,"column":null}},"18":{"start":{"line":57,"column":12},"end":{"line":57,"column":null}},"19":{"start":{"line":58,"column":12},"end":{"line":58,"column":null}},"20":{"start":{"line":60,"column":8},"end":{"line":60,"column":null}},"21":{"start":{"line":64,"column":10},"end":{"line":80,"column":null}},"22":{"start":{"line":65,"column":24},"end":{"line":73,"column":null}},"23":{"start":{"line":74,"column":8},"end":{"line":78,"column":null}},"24":{"start":{"line":75,"column":25},"end":{"line":75,"column":null}},"25":{"start":{"line":76,"column":12},"end":{"line":76,"column":null}},"26":{"start":{"line":77,"column":12},"end":{"line":77,"column":null}},"27":{"start":{"line":79,"column":8},"end":{"line":79,"column":null}},"28":{"start":{"line":83,"column":10},"end":{"line":117,"column":null}},"29":{"start":{"line":85,"column":29},"end":{"line":85,"column":null}},"30":{"start":{"line":85,"column":51},"end":{"line":85,"column":75}},"31":{"start":{"line":86,"column":34},"end":{"line":93,"column":null}},"32":{"start":{"line":87,"column":30},"end":{"line":87,"column":null}},"33":{"start":{"line":87,"column":48},"end":{"line":87,"column":66}},"34":{"start":{"line":88,"column":16},"end":{"line":92,"column":null}},"35":{"start":{"line":94,"column":26},"end":{"line":97,"column":null}},"36":{"start":{"line":95,"column":29},"end":{"line":95,"column":null}},"37":{"start":{"line":98,"column":31},"end":{"line":108,"column":null}},"38":{"start":{"line":109,"column":12},"end":{"line":113,"column":null}},"39":{"start":{"line":110,"column":29},"end":{"line":110,"column":null}},"40":{"start":{"line":111,"column":16},"end":{"line":111,"column":null}},"41":{"start":{"line":112,"column":16},"end":{"line":112,"column":null}},"42":{"start":{"line":114,"column":12},"end":{"line":114,"column":null}},"43":{"start":{"line":120,"column":10},"end":{"line":151,"column":null}},"44":{"start":{"line":122,"column":23},"end":{"line":122,"column":null}},"45":{"start":{"line":123,"column":32},"end":{"line":134,"column":null}},"46":{"start":{"line":135,"column":12},"end":{"line":139,"column":null}},"47":{"start":{"line":136,"column":29},"end":{"line":136,"column":null}},"48":{"start":{"line":137,"column":16},"end":{"line":137,"column":null}},"49":{"start":{"line":138,"column":16},"end":{"line":138,"column":null}},"50":{"start":{"line":141,"column":12},"end":{"line":147,"column":null}},"51":{"start":{"line":148,"column":12},"end":{"line":148,"column":null}},"52":{"start":{"line":161,"column":10},"end":{"line":205,"column":null}},"53":{"start":{"line":164,"column":12},"end":{"line":175,"column":null}},"54":{"start":{"line":165,"column":16},"end":{"line":174,"column":null}},"55":{"start":{"line":166,"column":33},"end":{"line":170,"column":null}},"56":{"start":{"line":167,"column":24},"end":{"line":169,"column":null}},"57":{"start":{"line":171,"column":20},"end":{"line":171,"column":null}},"58":{"start":{"line":171,"column":52},"end":{"line":171,"column":71}},"59":{"start":{"line":172,"column":20},"end":{"line":172,"column":null}},"60":{"start":{"line":173,"column":20},"end":{"line":173,"column":null}},"61":{"start":{"line":176,"column":12},"end":{"line":191,"column":null}},"62":{"start":{"line":177,"column":16},"end":{"line":190,"column":null}},"63":{"start":{"line":178,"column":33},"end":{"line":187,"column":null}},"64":{"start":{"line":179,"column":24},"end":{"line":179,"column":null}},"65":{"start":{"line":179,"column":49},"end":{"line":179,"column":null}},"66":{"start":{"line":180,"column":42},"end":{"line":180,"column":null}},"67":{"start":{"line":181,"column":38},"end":{"line":181,"column":null}},"68":{"start":{"line":182,"column":24},"end":{"line":186,"column":null}},"69":{"start":{"line":188,"column":20},"end":{"line":188,"column":null}},"70":{"start":{"line":189,"column":20},"end":{"line":189,"column":null}},"71":{"start":{"line":193,"column":12},"end":{"line":202,"column":null}},"72":{"start":{"line":194,"column":16},"end":{"line":201,"column":null}},"73":{"start":{"line":207,"column":4},"end":{"line":226,"column":null}},"74":{"start":{"line":232,"column":10},"end":{"line":232,"column":null}},"75":{"start":{"line":233,"column":4},"end":{"line":233,"column":null}},"76":{"start":{"line":233,"column":14},"end":{"line":233,"column":null}},"77":{"start":{"line":234,"column":4},"end":{"line":234,"column":null}}},"fnMap":{"0":{"name":"save","decl":{"start":{"line":17,"column":9},"end":{"line":17,"column":14}},"loc":{"start":{"line":17,"column":25},"end":{"line":19,"column":null}},"line":17},"1":{"name":"DataProvider","decl":{"start":{"line":22,"column":16},"end":{"line":22,"column":29}},"loc":{"start":{"line":22,"column":43},"end":{"line":228,"column":null}},"line":22},"2":{"name":"(anonymous_2)","decl":{"start":{"line":25,"column":14},"end":{"line":25,"column":20}},"loc":{"start":{"line":25,"column":20},"end":{"line":30,"column":7}},"line":25},"3":{"name":"(anonymous_3)","decl":{"start":{"line":43,"column":36},"end":{"line":43,"column":37}},"loc":{"start":{"line":43,"column":46},"end":{"line":61,"column":7}},"line":43},"4":{"name":"(anonymous_4)","decl":{"start":{"line":55,"column":21},"end":{"line":55,"column":22}},"loc":{"start":{"line":55,"column":31},"end":{"line":59,"column":9}},"line":55},"5":{"name":"(anonymous_5)","decl":{"start":{"line":64,"column":32},"end":{"line":64,"column":33}},"loc":{"start":{"line":64,"column":42},"end":{"line":80,"column":7}},"line":64},"6":{"name":"(anonymous_6)","decl":{"start":{"line":74,"column":17},"end":{"line":74,"column":18}},"loc":{"start":{"line":74,"column":27},"end":{"line":78,"column":9}},"line":74},"7":{"name":"(anonymous_7)","decl":{"start":{"line":84,"column":8},"end":{"line":84,"column":9}},"loc":{"start":{"line":84,"column":18},"end":{"line":115,"column":null}},"line":84},"8":{"name":"(anonymous_8)","decl":{"start":{"line":85,"column":44},"end":{"line":85,"column":45}},"loc":{"start":{"line":85,"column":51},"end":{"line":85,"column":75}},"line":85},"9":{"name":"(anonymous_9)","decl":{"start":{"line":86,"column":49},"end":{"line":86,"column":50}},"loc":{"start":{"line":86,"column":57},"end":{"line":93,"column":13}},"line":86},"10":{"name":"(anonymous_10)","decl":{"start":{"line":87,"column":41},"end":{"line":87,"column":42}},"loc":{"start":{"line":87,"column":48},"end":{"line":87,"column":66}},"line":87},"11":{"name":"(anonymous_11)","decl":{"start":{"line":95,"column":16},"end":{"line":95,"column":17}},"loc":{"start":{"line":95,"column":29},"end":{"line":95,"column":null}},"line":95},"12":{"name":"(anonymous_12)","decl":{"start":{"line":109,"column":24},"end":{"line":109,"column":25}},"loc":{"start":{"line":109,"column":34},"end":{"line":113,"column":13}},"line":109},"13":{"name":"(anonymous_13)","decl":{"start":{"line":121,"column":8},"end":{"line":121,"column":9}},"loc":{"start":{"line":121,"column":18},"end":{"line":149,"column":null}},"line":121},"14":{"name":"(anonymous_14)","decl":{"start":{"line":135,"column":25},"end":{"line":135,"column":26}},"loc":{"start":{"line":135,"column":35},"end":{"line":139,"column":13}},"line":135},"15":{"name":"(anonymous_15)","decl":{"start":{"line":162,"column":8},"end":{"line":162,"column":9}},"loc":{"start":{"line":162,"column":53},"end":{"line":203,"column":null}},"line":162},"16":{"name":"(anonymous_16)","decl":{"start":{"line":164,"column":22},"end":{"line":164,"column":28}},"loc":{"start":{"line":164,"column":28},"end":{"line":175,"column":13}},"line":164},"17":{"name":"(anonymous_17)","decl":{"start":{"line":165,"column":29},"end":{"line":165,"column":30}},"loc":{"start":{"line":165,"column":39},"end":{"line":174,"column":17}},"line":165},"18":{"name":"(anonymous_18)","decl":{"start":{"line":166,"column":42},"end":{"line":166,"column":43}},"loc":{"start":{"line":167,"column":24},"end":{"line":169,"column":null}},"line":167},"19":{"name":"(anonymous_19)","decl":{"start":{"line":171,"column":45},"end":{"line":171,"column":46}},"loc":{"start":{"line":171,"column":52},"end":{"line":171,"column":71}},"line":171},"20":{"name":"(anonymous_20)","decl":{"start":{"line":177,"column":29},"end":{"line":177,"column":30}},"loc":{"start":{"line":177,"column":39},"end":{"line":190,"column":17}},"line":177},"21":{"name":"(anonymous_21)","decl":{"start":{"line":178,"column":42},"end":{"line":178,"column":43}},"loc":{"start":{"line":178,"column":49},"end":{"line":187,"column":21}},"line":178},"22":{"name":"useData","decl":{"start":{"line":231,"column":16},"end":{"line":231,"column":26}},"loc":{"start":{"line":231,"column":26},"end":{"line":235,"column":null}},"line":231}},"branchMap":{"0":{"loc":{"start":{"line":48,"column":19},"end":{"line":48,"column":null}},"type":"binary-expr","locations":[{"start":{"line":48,"column":19},"end":{"line":48,"column":33}},{"start":{"line":48,"column":33},"end":{"line":48,"column":null}}],"line":48},"1":{"loc":{"start":{"line":49,"column":21},"end":{"line":49,"column":null}},"type":"binary-expr","locations":[{"start":{"line":49,"column":21},"end":{"line":49,"column":37}},{"start":{"line":49,"column":37},"end":{"line":49,"column":null}}],"line":49},"2":{"loc":{"start":{"line":68,"column":25},"end":{"line":68,"column":null}},"type":"binary-expr","locations":[{"start":{"line":68,"column":25},"end":{"line":68,"column":45}},{"start":{"line":68,"column":45},"end":{"line":68,"column":null}}],"line":68},"3":{"loc":{"start":{"line":69,"column":18},"end":{"line":69,"column":null}},"type":"binary-expr","locations":[{"start":{"line":69,"column":18},"end":{"line":69,"column":31}},{"start":{"line":69,"column":31},"end":{"line":69,"column":null}}],"line":69},"4":{"loc":{"start":{"line":72,"column":18},"end":{"line":72,"column":null}},"type":"binary-expr","locations":[{"start":{"line":72,"column":18},"end":{"line":72,"column":31}},{"start":{"line":72,"column":31},"end":{"line":72,"column":null}}],"line":72},"5":{"loc":{"start":{"line":89,"column":26},"end":{"line":89,"column":null}},"type":"cond-expr","locations":[{"start":{"line":89,"column":34},"end":{"line":89,"column":47}},{"start":{"line":89,"column":47},"end":{"line":89,"column":null}}],"line":89},"6":{"loc":{"start":{"line":90,"column":30},"end":{"line":90,"column":null}},"type":"binary-expr","locations":[{"start":{"line":90,"column":30},"end":{"line":90,"column":59}},{"start":{"line":90,"column":59},"end":{"line":90,"column":null}}],"line":90},"7":{"loc":{"start":{"line":91,"column":27},"end":{"line":91,"column":null}},"type":"binary-expr","locations":[{"start":{"line":91,"column":27},"end":{"line":91,"column":40}},{"start":{"line":91,"column":40},"end":{"line":91,"column":null}}],"line":91},"8":{"loc":{"start":{"line":91,"column":40},"end":{"line":91,"column":null}},"type":"cond-expr","locations":[{"start":{"line":91,"column":48},"end":{"line":91,"column":62}},{"start":{"line":91,"column":62},"end":{"line":91,"column":null}}],"line":91},"9":{"loc":{"start":{"line":100,"column":26},"end":{"line":100,"column":null}},"type":"cond-expr","locations":[{"start":{"line":100,"column":37},"end":{"line":100,"column":53}},{"start":{"line":100,"column":53},"end":{"line":100,"column":null}}],"line":100},"10":{"loc":{"start":{"line":126,"column":29},"end":{"line":126,"column":null}},"type":"binary-expr","locations":[{"start":{"line":126,"column":29},"end":{"line":126,"column":49}},{"start":{"line":126,"column":49},"end":{"line":126,"column":null}}],"line":126},"11":{"loc":{"start":{"line":128,"column":26},"end":{"line":128,"column":null}},"type":"binary-expr","locations":[{"start":{"line":128,"column":26},"end":{"line":128,"column":43}},{"start":{"line":128,"column":43},"end":{"line":128,"column":null}}],"line":128},"12":{"loc":{"start":{"line":162,"column":33},"end":{"line":162,"column":53}},"type":"default-arg","locations":[{"start":{"line":162,"column":46},"end":{"line":162,"column":53}}],"line":162},"13":{"loc":{"start":{"line":167,"column":24},"end":{"line":169,"column":null}},"type":"cond-expr","locations":[{"start":{"line":168,"column":30},"end":{"line":168,"column":null}},{"start":{"line":169,"column":30},"end":{"line":169,"column":null}}],"line":167},"14":{"loc":{"start":{"line":176,"column":12},"end":{"line":191,"column":null}},"type":"if","locations":[{"start":{"line":176,"column":12},"end":{"line":191,"column":null}},{"start":{},"end":{}}],"line":176},"15":{"loc":{"start":{"line":179,"column":24},"end":{"line":179,"column":null}},"type":"if","locations":[{"start":{"line":179,"column":24},"end":{"line":179,"column":null}},{"start":{},"end":{}}],"line":179},"16":{"loc":{"start":{"line":180,"column":42},"end":{"line":180,"column":null}},"type":"binary-expr","locations":[{"start":{"line":180,"column":42},"end":{"line":180,"column":88}},{"start":{"line":180,"column":88},"end":{"line":180,"column":null}}],"line":180},"17":{"loc":{"start":{"line":181,"column":38},"end":{"line":181,"column":null}},"type":"binary-expr","locations":[{"start":{"line":181,"column":38},"end":{"line":181,"column":81}},{"start":{"line":181,"column":81},"end":{"line":181,"column":null}}],"line":181},"18":{"loc":{"start":{"line":181,"column":49},"end":{"line":181,"column":76}},"type":"binary-expr","locations":[{"start":{"line":181,"column":49},"end":{"line":181,"column":73}},{"start":{"line":181,"column":73},"end":{"line":181,"column":76}}],"line":181},"19":{"loc":{"start":{"line":193,"column":12},"end":{"line":202,"column":null}},"type":"if","locations":[{"start":{"line":193,"column":12},"end":{"line":202,"column":null}},{"start":{},"end":{}}],"line":193},"20":{"loc":{"start":{"line":233,"column":4},"end":{"line":233,"column":null}},"type":"if","locations":[{"start":{"line":233,"column":4},"end":{"line":233,"column":null}},{"start":{},"end":{}}],"line":233}},"s":{"0":2,"1":2,"2":49,"3":61,"4":22,"5":22,"6":22,"7":22,"8":61,"9":61,"10":61,"11":61,"12":61,"13":61,"14":61,"15":12,"16":12,"17":12,"18":12,"19":12,"20":12,"21":61,"22":7,"23":7,"24":7,"25":7,"26":7,"27":7,"28":61,"29":6,"30":5,"31":6,"32":6,"33":6,"34":6,"35":6,"36":6,"37":6,"38":6,"39":6,"40":6,"41":6,"42":6,"43":61,"44":14,"45":14,"46":14,"47":14,"48":14,"49":14,"50":14,"51":14,"52":61,"53":7,"54":7,"55":7,"56":9,"57":7,"58":8,"59":7,"60":7,"61":7,"62":3,"63":3,"64":3,"65":0,"66":3,"67":3,"68":3,"69":3,"70":3,"71":7,"72":7,"73":61,"74":66,"75":66,"76":2,"77":64},"f":{"0":49,"1":61,"2":22,"3":12,"4":12,"5":7,"6":7,"7":6,"8":5,"9":6,"10":6,"11":6,"12":6,"13":14,"14":14,"15":7,"16":7,"17":7,"18":9,"19":8,"20":3,"21":3,"22":66},"b":{"0":[12,12],"1":[12,12],"2":[7,7],"3":[7,6],"4":[7,6],"5":[6,0],"6":[6,0],"7":[6,0],"8":[0,0],"9":[5,1],"10":[14,13],"11":[14,11],"12":[7],"13":[7,2],"14":[3,4],"15":[0,3],"16":[3,2],"17":[3,0],"18":[3,0],"19":[7,0],"20":[2,64]},"meta":{"lastBranch":21,"lastFunction":23,"lastStatement":78,"seen":{"s:5:6:5:Infinity":0,"s:8:13:13:Infinity":1,"f:17:9:17:14":0,"s:18:4:18:Infinity":2,"f:22:16:22:29":1,"s:25:4:30:Infinity":3,"f:25:14:25:20":2,"s:26:8:26:Infinity":4,"s:27:8:27:Infinity":5,"s:28:8:28:Infinity":6,"s:29:8:29:Infinity":7,"s:32:34:32:Infinity":8,"s:33:32:33:Infinity":9,"s:34:34:34:Infinity":10,"s:35:26:35:Infinity":11,"s:39:10:39:Infinity":12,"s:40:10:40:Infinity":13,"s:43:10:61:Infinity":14,"f:43:36:43:37":3,"s:44:28:54:Infinity":15,"b:48:19:48:33:48:33:48:Infinity":0,"b:49:21:49:37:49:37:49:Infinity":1,"s:55:8:59:Infinity":16,"f:55:21:55:22":4,"s:56:25:56:Infinity":17,"s:57:12:57:Infinity":18,"s:58:12:58:Infinity":19,"s:60:8:60:Infinity":20,"s:64:10:80:Infinity":21,"f:64:32:64:33":5,"s:65:24:73:Infinity":22,"b:68:25:68:45:68:45:68:Infinity":2,"b:69:18:69:31:69:31:69:Infinity":3,"b:72:18:72:31:72:31:72:Infinity":4,"s:74:8:7
[...]
mn":1}},"line":36},"3":{"name":"setUnauthorizedHandler","decl":{"start":{"line":48,"column":16},"end":{"line":48,"column":38}},"loc":{"start":{"line":48,"column":48},"end":{"line":50,"column":null}},"line":48},"4":{"name":"apiFetch","decl":{"start":{"line":70,"column":15},"end":{"line":70,"column":23}},"loc":{"start":{"line":70,"column":43},"end":{"line":87,"column":null}},"line":70},"5":{"name":"(anonymous_5)","decl":{"start":{"line":79,"column":49},"end":{"line":79,"column":50}},"loc":{"start":{"line":79,"column":56},"end":{"line":79,"column":58}},"line":79},"6":{"name":"(anonymous_6)","decl":{"start":{"line":95,"column":14},"end":{"line":95,"column":19}},"loc":{"start":{"line":95,"column":26},"end":{"line":99,"column":9}},"line":95},"7":{"name":"(anonymous_7)","decl":{"start":{"line":100,"column":13},"end":{"line":100,"column":18}},"loc":{"start":{"line":100,"column":27},"end":{"line":103,"column":9}},"line":100},"8":{"name":"(anonymous_8)","decl":{"start":{"line":102,"column":38},"end":{"line":102,"column":39}},"loc":{"start":{"line":102,"column":43},"end":{"line":102,"column":54}},"line":102},"9":{"name":"(anonymous_9)","decl":{"start":{"line":104,"column":16},"end":{"line":104,"column":21}},"loc":{"start":{"line":104,"column":32},"end":{"line":108,"column":9}},"line":104},"10":{"name":"(anonymous_10)","decl":{"start":{"line":109,"column":16},"end":{"line":109,"column":21}},"loc":{"start":{"line":109,"column":36},"end":{"line":113,"column":9}},"line":109},"11":{"name":"(anonymous_11)","decl":{"start":{"line":114,"column":16},"end":{"line":114,"column":21}},"loc":{"start":{"line":114,"column":30},"end":{"line":118,"column":null}},"line":114},"12":{"name":"(anonymous_12)","decl":{"start":{"line":123,"column":14},"end":{"line":123,"column":19}},"loc":{"start":{"line":123,"column":26},"end":{"line":126,"column":9}},"line":123},"13":{"name":"(anonymous_13)","decl":{"start":{"line":127,"column":13},"end":{"line":127,"column":18}},"loc":{"start":{"line":127,"column":27},"end":{"line":130,"column":9}},"line":127},"14":{"name":"(anonymous_14)","decl":{"start":{"line":129,"column":37},"end":{"line":129,"column":38}},"loc":{"start":{"line":129,"column":42},"end":{"line":129,"column":53}},"line":129},"15":{"name":"(anonymous_15)","decl":{"start":{"line":131,"column":16},"end":{"line":131,"column":21}},"loc":{"start":{"line":131,"column":32},"end":{"line":135,"column":null}},"line":131},"16":{"name":"(anonymous_16)","decl":{"start":{"line":140,"column":14},"end":{"line":140,"column":19}},"loc":{"start":{"line":140,"column":26},"end":{"line":143,"column":9}},"line":140},"17":{"name":"(anonymous_17)","decl":{"start":{"line":144,"column":16},"end":{"line":144,"column":21}},"loc":{"start":{"line":144,"column":32},"end":{"line":148,"column":null}},"line":144},"18":{"name":"(anonymous_18)","decl":{"start":{"line":153,"column":14},"end":{"line":153,"column":19}},"loc":{"start":{"line":153,"column":26},"end":{"line":156,"column":9}},"line":153},"19":{"name":"(anonymous_19)","decl":{"start":{"line":157,"column":16},"end":{"line":157,"column":21}},"loc":{"start":{"line":157,"column":32},"end":{"line":161,"column":null}},"line":157}},"branchMap":{"0":{"loc":{"start":{"line":11,"column":21},"end":{"line":11,"column":80}},"type":"binary-expr","locations":[{"start":{"line":11,"column":21},"end":{"line":11,"column":49}},{"start":{"line":11,"column":53},"end":{"line":11,"column":80}}],"line":11},"1":{"loc":{"start":{"line":37,"column":18},"end":{"line":37,"column":49}},"type":"binary-expr","locations":[{"start":{"line":37,"column":18},"end":{"line":37,"column":42}},{"start":{"line":37,"column":46},"end":{"line":37,"column":49}}],"line":37},"2":{"loc":{"start":{"line":70,"column":29},"end":{"line":70,"column":41}},"type":"default-arg","locations":[{"start":{"line":70,"column":39},"end":{"line":70,"column":41}}],"line":70},"3":{"loc":{"start":{"line":73,"column":4},"end":{"line":76,"column":null}},"type":"if","locations":[{"start":{"line":73,"column":4},"end":{"line":76,"column":null}},{"start":{},"end":{}}],"line":73},"4":{"loc":{"start":{"line":78,"column":4},"end":{"line":84,"column":null}},"type":"if","locations":[{"start":{"line":78,"column":4},"end":{"line":84,"column":null}},{"start":{},"end":{}}],"line":78},"5":{"loc":{"start":{"line":81,"column":22},"end":{"line":81,"column":68}},"type":"binary-expr","locations":[{"start":{"line":81,"column":22},"end":{"line":81,"column":34}},{"start":{"line":81,"column":38},"end":{"line":81,"column":68}}],"line":81}},"s":{"0":1,"1":1,"2":0,"3":0,"4":1,"5":0,"6":0,"7":3,"8":5,"9":5,"10":3,"11":3,"12":2,"13":1,"14":0,"15":1,"16":1,"17":1,"18":0,"19":0,"20":0,"21":0,"22":0,"23":0,"24":0,"25":0,"26":0,"27":0,"28":0,"29":0,"30":0,"31":0,"32":0,"33":0,"34":0,"35":0,"36":0,"37":0,"38":0,"39":0,"40":0,"41":0,"42":0,"43":0,"44":0,"45":0,"46":0,"47":0,"48":0,"49":0},"f":{"0":0,"1":0,"2":0,"3":3,"4":5,"5":0,"6":0,"7":0,"8":0,"9":0,"10":0,"11":0,"12":0,"13":0,"14":0,"15":0,"16":0,"17":0,"18":0,"19":0},"b":{"0":[1,1],"1":[0,0],"2":[5],"3":[3,2],"4":[1,1],"5":[1,0]},"meta":{"lastBranch":6,"lastFunction":20,"lastStatement":50,"seen":{"s:11:21:11:80":0,"b:11:21:11:49:11:53:11:80":0,"s:14:14:14:69":1,"f:14:14:14:15":0,"s:14:22:14:69":2,"f:14:34:14:41":1,"s:14:45:14:68":3,"s:36:22:39:1":4,"f:36:22:36:23":2,"s:37:17:37:69":5,"b:37:18:37:42:37:46:37:49":1,"s:38:4:38:Infinity":6,"f:48:16:48:38":3,"s:49:4:49:Infinity":7,"f:70:15:70:23":4,"b:70:39:70:41":2,"s:71:21:71:46":8,"b:73:4:76:Infinity:undefined:undefined:undefined:undefined":3,"s:73:4:76:Infinity":9,"s:74:8:74:Infinity":10,"s:75:8:75:Infinity":11,"b:78:4:84:Infinity:undefined:undefined:undefined:undefined":4,"s:78:4:84:Infinity":12,"s:79:21:79:60":13,"f:79:49:79:50":5,"s:79:56:79:58":14,"s:80:8:83:Infinity":15,"b:81:22:81:34:81:38:81:68":5,"s:86:4:86:Infinity":16,"s:92:12:163:1":17,"f:95:14:95:19":6,"s:97:12:97:Infinity":18,"s:98:12:98:Infinity":19,"f:100:13:100:18":7,"s:101:12:101:Infinity":20,"s:102:12:102:Infinity":21,"f:102:38:102:39":8,"s:102:43:102:54":22,"f:104:16:104:21":9,"s:105:12:105:Infinity":23,"s:106:12:106:Infinity":24,"s:107:12:107:Infinity":25,"f:109:16:109:21":10,"s:110:12:110:Infinity":26,"s:111:12:111:Infinity":27,"s:112:12:112:Infinity":28,"f:114:16:114:21":11,"s:115:12:115:Infinity":29,"s:116:12:116:Infinity":30,"s:117:12:117:Infinity":31,"f:123:14:123:19":12,"s:124:12:124:Infinity":32,"s:125:12:125:Infinity":33,"f:127:13:127:18":13,"s:128:12:128:Infinity":34,"s:129:12:129:Infinity":35,"f:129:37:129:38":14,"s:129:42:129:53":36,"f:131:16:131:21":15,"s:132:12:132:Infinity":37,"s:133:12:133:Infinity":38,"s:134:12:134:Infinity":39,"f:140:14:140:19":16,"s:141:12:141:Infinity":40,"s:142:12:142:Infinity":41,"f:144:16:144:21":17,"s:145:12:145:Infinity":42,"s:146:12:146:Infinity":43,"s:147:12:147:Infinity":44,"f:153:14:153:19":18,"s:154:12:154:Infinity":45,"s:155:12:155:Infinity":46,"f:157:16:157:21":19,"s:158:12:158:Infinity":47,"s:159:12:159:Infinity":48,"s:160:12:160:Infinity":49}}}
,"/Users/jagadeesh/1nonly/Tradazone/src/services/webhook.js": {"path":"/Users/jagadeesh/1nonly/Tradazone/src/services/webhook.js","statementMap":{"0":{"start":{"line":25,"column":27},"end":{"line":25,"column":50}},"1":{"start":{"line":26,"column":23},"end":{"line":26,"column":27}},"2":{"start":{"line":34,"column":24},"end":{"line":34,"column":62}},"3":{"start":{"line":35,"column":0},"end":{"line":37,"column":null}},"4":{"start":{"line":36,"column":4},"end":{"line":36,"column":null}},"5":{"start":{"line":36,"column":10},"end":{"line":36,"column":61}},"6":{"start":{"line":41,"column":4},"end":{"line":44,"column":null}},"7":{"start":{"line":42,"column":8},"end":{"line":42,"column":null}},"8":{"start":{"line":43,"column":8},"end":{"line":43,"column":null}},"9":{"start":{"line":45,"column":4},"end":{"line":47,"column":null}},"10":{"start":{"line":46,"column":8},"end":{"line":46,"column":null}},"11":{"start":{"line":48,"column":4},"end":{"line":48,"column":null}},"12":{"start":{"line":53,"column":4},"end":{"line":53,"column":null}},"13":{"start":{"line":58,"column":4},"end":{"line":63,"column":null}},"14":{"start":{"line":59,"column":23},"end":{"line":59,"column":35}},"15":{"start":{"line":60,"column":8},"end":{"line":60,"column":null}},"16":{"start":{"line":62,"column":8},"end":{"line":62,"column":null}},"17":{"start":{"line":74,"column":4},"end":{"line":76,"column":null}},"18":{"start":{"line":75,"column":8},"end":{"line":75,"column":null}},"19":{"start":{"line":78,"column":4},"end":{"line":80,"column":null}},"20":{"start":{"line":79,"column":8},"end":{"line":79,"column":null}},"21":{"start":{"line":82,"column":16},"end":{"line":82,"column":31}},"22":{"start":{"line":83,"column":4},"end":{"line":83,"column":null}},"23":{"start":{"line":83,"column":14},"end":{"line":83,"column":null}},"24":{"start":{"line":85,"column":17},"end":{"line":90,"column":6}},"25":{"start":{"line":92,"column":20},"end":{"line":96,"column":5}},"26":{"start":{"line":98,"column":4},"end":{"line":110,"column":null}},"27":{"start":{"line":99,"column":20},"end":{"line":99,"column":45}},"28":{"start":{"line":100,"column":8},"end":{"line":100,"column":null}},"29":{"start":{"line":103,"column":8},"end":{"line":103,"column":null}},"30":{"start":{"line":103,"column":31},"end":{"line":103,"column":60}},"31":{"start":{"line":104,"column":8},"end":{"line":109,"column":null}},"32":{"start":{"line":105,"column":24},"end":{"line":105,"column":49}},"33":{"start":{"line":106,"column":12},"end":{"line":106,"column":null}},"34":{"start":{"line":108,"column":12},"end":{"line":108,"column":null}}},"fnMap":{"0":{"name":"setWebhookUrl","decl":{"start":{"line":40,"column":16},"end":{"line":40,"column":29}},"loc":{"start":{"line":40,"column":35},"end":{"line":49,"column":null}},"line":40},"1":{"name":"getWebhookUrl","decl":{"start":{"line":52,"column":16},"end":{"line":52,"column":29}},"loc":{"start":{"line":52,"column":32},"end":{"line":54,"column":null}},"line":52},"2":{"name":"isValidWebhookUrl","decl":{"start":{"line":57,"column":16},"end":{"line":57,"column":33}},"loc":{"start":{"line":57,"column":39},"end":{"line":64,"column":null}},"line":57},"3":{"name":"dispatchWebhook","decl":{"start":{"line":73,"column":22},"end":{"line":73,"column":37}},"loc":{"start":{"line":73,"column":54},"end":{"line":111,"column":null}},"line":73},"4":{"name":"(anonymous_4)","decl":{"start":{"line":103,"column":26},"end":{"line":103,"column":27}},"loc":{"start":{"line":103,"column":31},"end":{"line":103,"column":60}},"line":103}},"branchMap":{"0":{"loc":{"start":{"line":34,"column":24},"end":{"line":34,"column":62}},"type":"binary-expr","locations":[{"start":{"line":34,"column":24},"end":{"line":34,"column":56}},{"start":{"line":34,"column":60},"end":{"line":34,"column":62}}],"line":34},"1":{"loc":{"start":{"line":35,"column":0},"end":{"line":37,"column":null}},"type":"if","locations":[{"start":{"line":35,"column":0},"end":{"line":37,"column":null}},{"start":{},"end":{}}],"line":35},"2":{"loc":{"start":{"line":35,"column":4},"end":{"line":35,"column":57}},"type":"binary-expr","locations":[{"start":{"line":35,"column":4},"end":{"line":35,"column":19}},{"start":{"line":35,"column":23},"end":{"line":35,"column":57}}],"line":35},"3":{"loc":{"start":{"line":41,"column":4},"end":{"line":44,"column":null}},"type":"if","locations":[{"start":{"line":41,"column":4},"end":{"line":44,"column":null}},{"start":{},"end":{}}],"line":41},"4":{"loc":{"start":{"line":45,"column":4},"end":{"line":47,"column":null}},"type":"if","locations":[{"start":{"line":45,"column":4},"end":{"line":47,"column":null}},{"start":{},"end":{}}],"line":45},"5":{"loc":{"start":{"line":53,"column":11},"end":{"line":53,"column":52}},"type":"binary-expr","locations":[{"start":{"line":53,"column":11},"end":{"line":53,"column":44}},{"start":{"line":53,"column":48},"end":{"line":53,"column":52}}],"line":53},"6":{"loc":{"start":{"line":60,"column":15},"end":{"line":60,"column":74}},"type":"binary-expr","locations":[{"start":{"line":60,"column":15},"end":{"line":60,"column":42}},{"start":{"line":60,"column":46},"end":{"line":60,"column":74}}],"line":60},"7":{"loc":{"start":{"line":74,"column":4},"end":{"line":76,"column":null}},"type":"if","locations":[{"start":{"line":74,"column":4},"end":{"line":76,"column":null}},{"start":{},"end":{}}],"line":74},"8":{"loc":{"start":{"line":74,"column":8},"end":{"line":74,"column":60}},"type":"binary-expr","locations":[{"start":{"line":74,"column":8},"end":{"line":74,"column":14}},{"start":{"line":74,"column":18},"end":{"line":74,"column":43}},{"start":{"line":74,"column":47},"end":{"line":74,"column":60}}],"line":74},"9":{"loc":{"start":{"line":78,"column":4},"end":{"line":80,"column":null}},"type":"if","locations":[{"start":{"line":78,"column":4},"end":{"line":80,"column":null}},{"start":{},"end":{}}],"line":78},"10":{"loc":{"start":{"line":78,"column":8},"end":{"line":78,"column":80}},"type":"binary-expr","locations":[{"start":{"line":78,"column":8},"end":{"line":78,"column":29}},{"start":{"line":78,"column":33},"end":{"line":78,"column":49}},{"start":{"line":78,"column":53},"end":{"line":78,"column":80}}],"line":78},"11":{"loc":{"start":{"line":83,"column":4},"end":{"line":83,"column":null}},"type":"if","locations":[{"start":{"line":83,"column":4},"end":{"line":83,"column":null}},{"start":{},"end":{}}],"line":83}},"s":{"0":4,"1":4,"2":4,"3":4,"4":0,"5":0,"6":17,"7":2,"8":2,"9":15,"10":1,"11":14,"12":37,"13":21,"14":21,"15":21,"16":3,"17":37,"18":1,"19":36,"20":1,"21":35,"22":35,"23":22,"24":13,"25":13,"26":13,"27":13,"28":11,"29":2,"30":2,"31":2,"32":2,"33":1,"34":1},"f":{"0":17,"1":37,"2":21,"3":37,"4":2},"b":{"0":[4,4],"1":[0,4],"2":[4,0],"3":[2,15],"4":[1,14],"5":[37,23],"6":[21,17],"7":[1,36],"8":[37,36,36],"9":[1,35],"10":[36,36,35],"11":[22,13]},"meta":{"lastBranch":12,"lastFunction":5,"lastStatement":35,"seen":{"s:25:27:25:50":0,"s:26:23:26:27":1,"s:34:24:34:62":2,"b:34:24:34:56:34:60:34:62":0,"b:35:0:37:Infinity:undefined:undefined:undefined:undefined":1,"s:35:0:37:Infinity":3,"b:35:4:35:19:35:23:35:57":2,"s:36:4:36:Infinity":4,"s:36:10:36:61":5,"f:40:16:40:29":0,"b:41:4:44:Infinity:undefined:undefined:undefined:undefined":3,"s:41:4:44:Infinity":6,"s:42:8:42:Infinity":7,"s:43:8:43:Infinity":8,"b:45:4:47:Infinity:undefined:undefined:undefined:undefined":4,"s:45:4:47:Infinity":9,"s:46:8:46:Infinity":10,"s:48:4:48:Infinity":11,"f:52:16:52:29":1,"s:53:4:53:Infinity":12,"b:53:11:53:44:53:48:53:52":5,"f:57:16:57:33":2,"s:58:4:63:Infinity":13,"s:59:23:59:35":14,"s:60:8:60:Infinity":15,"b:60:15:60:42:60:46:60:74":6,"s:62:8:62:Infinity":16,"f:73:22:73:37":3,"b:74:4:76:Infinity:undefined:undefined:undefined:undefined":7,"s:74:4:76:Infinity":17,"b:74:8:74:14:74:18:74:43:74:47:74:60":8,"s:75:8:75:Infinity":18,"b:78:4:80:Infinity:undefined:undefined:undefined:undefined":9,"s:78:4:80:Infinity":19,"b:78:8:78:29:78:33:78:49:78:53:78:80":10,"s:79:8:79:Infinity":20,"s:82:16:82:31":21,"b:83:4:83:Infinity:undefined:undefined:undefined:undefined":11,"s:83:4:83:Infinity":22,"s:83:14:83:Infinity":23,"s:85:17:90:6":24,"s:92:20:96:5":25,"s:98:4:110:Infinity":26,"s:99:20:99:45":27,"s:100:8:100:Infinity":28,"s:103:8:103:Infinity":29,"f:103:26:103:27":4,"s:103:31:103:60":30,"s:104:8:109:Infinity":31,"s:105:24:105:49":32,"s:106:12:106:Infinity":33,"s:108:12:108:Infinity":34}}}
,"/Users/jagadeesh/1nonly/Tradazone/src/utils/wallet-discovery.js": {"path":"/Users/jagadeesh/1nonly/Tradazone/src/utils/wallet-discovery.js","statementMap":{"0":{"start":{"line":64,"column":16},"end":{"line":64,"column":18}},"1":{"start":{"line":70,"column":18},"end":{"line":70,"column":27}},"2":{"start":{"line":83,"column":2},"end":{"line":83,"column":null}},"3":{"start":{"line":105,"column":2},"end":{"line":105,"column":null}},"4":{"start":{"line":107,"column":2},"end":{"line":107,"column":null}},"5":{"start":{"line":108,"column":2},"end":{"line":108,"column":null}},"6":{"start":{"line":108,"column":15},"end":{"line":108,"column":41}},"7":{"start":{"line":126,"column":29},"end":{"line":126,"column":41}},"8":{"start":{"line":129,"column":2},"end":{"line":129,"column":null}},"9":{"start":{"line":129,"column":28},"end":{"line":129,"column":53}},"10":{"start":{"line":129,"column":56},"end":{"line":129,"column":null}},"11":{"start":{"line":131,"column":2},"end":{"line":131,"column":null}},"12":{"start":{"line":132,"column":2},"end":{"line":132,"column":null}},"13":{"start":{"line":132,"column":34},"end":{"line":132,"column":53}},"14":{"start":{"line":139,"column":0},"end":{"line":145,"column":null}},"15":{"start":{"line":141,"column":2},"end":{"line":141,"column":null}},"16":{"start":{"line":144,"column":2},"end":{"line":144,"column":null}},"17":{"start":{"line":180,"column":37},"end":{"line":180,"column":57}},"18":{"start":{"line":182,"column":1},"end":{"line":185,"column":null}},"19":{"start":{"line":184,"column":4},"end":{"line":184,"column":null}},"20":{"start":{"line":187,"column":2},"end":{"line":187,"column":null}}},"fnMap":{"0":{"name":"getDiscoveredProviders","decl":{"start":{"line":82,"column":16},"end":{"line":82,"column":38}},"loc":{"start":{"line":82,"column":41},"end":{"line":84,"column":null}},"line":82},"1":{"name":"subscribeToProviders","decl":{"start":{"line":104,"column":16},"end":{"line":104,"column":36}},"loc":{"start":{"line":104,"column":47},"end":{"line":109,"column":null}},"line":104},"2":{"name":"(anonymous_2)","decl":{"start":{"line":108,"column":9},"end":{"line":108,"column":10}},"loc":{"start":{"line":108,"column":15},"end":{"line":108,"column":41}},"line":108},"3":{"name":"announceProvider","decl":{"start":{"line":125,"column":9},"end":{"line":125,"column":25}},"loc":{"start":{"line":125,"column":33},"end":{"line":133,"column":null}},"line":125},"4":{"name":"(anonymous_4)","decl":{"start":{"line":129,"column":21},"end":{"line":129,"column":22}},"loc":{"start":{"line":129,"column":28},"end":{"line":129,"column":53}},"line":129},"5":{"name":"(anonymous_5)","decl":{"start":{"line":132,"column":20},"end":{"line":132,"column":21}},"loc":{"start":{"line":132,"column":34},"end":{"line":132,"column":53}},"line":132},"6":{"name":"useDiscoveredProviders","decl":{"start":{"line":179,"column":16},"end":{"line":179,"column":38}},"loc":{"start":{"line":179,"column":41},"end":{"line":188,"column":null}},"line":179},"7":{"name":"(anonymous_7)","decl":{"start":{"line":182,"column":12},"end":{"line":182,"column":13}},"loc":{"start":{"line":182,"column":18},"end":{"line":185,"column":3}},"line":182}},"branchMap":{"0":{"loc":{"start":{"line":129,"column":2},"end":{"line":129,"column":null}},"type":"if","locations":[{"start":{"line":129,"column":2},"end":{"line":129,"column":null}},{"start":{},"end":{}}],"line":129},"1":{"loc":{"start":{"line":139,"column":0},"end":{"line":145,"column":null}},"type":"if","locations":[{"start":{"line":139,"column":0},"end":{"line":145,"column":null}},{"start":{},"end":{}}],"line":139}},"s":{"0":3,"1":3,"2":0,"3":23,"4":23,"5":23,"6":23,"7":0,"8":0,"9":0,"10":0,"11":0,"12":0,"13":0,"14":3,"15":3,"16":3,"17":65,"18":65,"19":23,"20":65},"f":{"0":0,"1":23,"2":23,"3":0,"4":0,"5":0,"6":65,"7":23},"b":{"0":[0,0],"1":[3,0]},"meta":{"lastBranch":2,"lastFunction":8,"lastStatement":21,"seen":{"s:64:16:64:18":0,"s:70:18:70:27":1,"f:82:16:82:38":0,"s:83:2:83:Infinity":2,"f:104:16:104:36":1,"s:105:2:105:Infinity":3,"s:107:2:107:Infinity":4,"s:108:2:108:Infinity":5,"f:108:9:108:10":2,"s:108:15:108:41":6,"f:125:9:125:25":3,"s:126:29:126:41":7,"b:129:2:129:Infinity:undefined:undefined:undefined:undefined":0,"s:129:2:129:Infinity":8,"f:129:21:129:22":4,"s:129:28:129:53":9,"s:129:56:129:Infinity":10,"s:131:2:131:Infinity":11,"s:132:2:132:Infinity":12,"f:132:20:132:21":5,"s:132:34:132:53":13,"b:139:0:145:Infinity:undefined:undefined:undefined:undefined":1,"s:139:0:145:Infinity":14,"s:141:2:141:Infinity":15,"s:144:2:144:Infinity":16,"f:179:16:179:38":6,"s:180:37:180:57":17,"s:182:1:185:Infinity":18,"f:182:12:182:13":7,"s:184:4:184:Infinity":19,"s:187:2:187:Infinity":20}}}
}
